
08:07:42.236 INFO  thread=GtfsRealtimeModule-1 [o.t.a.PollUrlAvlModule:240] Started module org.transitime.avl.GtfsRealtimeModule for agencyId=02

08:07:42.237 INFO  thread=GtfsRealtimeModule-1 [o.t.a.PollUrlAvlModule:176] Getting data from feed using url=null

08:07:42.237 ERROR thread=GtfsRealtimeModule-1 [o.t.a.PollUrlAvlModule:257] Error accessing AVL feed using URL=null.
java.net.MalformedURLException: null
	at java.net.URL.<init>(URL.java:627) ~[na:1.8.0_73]
	at java.net.URL.<init>(URL.java:490) ~[na:1.8.0_73]
	at java.net.URL.<init>(URL.java:439) ~[na:1.8.0_73]
	at org.transitime.avl.PollUrlAvlModule.getAndProcessData(PollUrlAvlModule.java:179) ~[classes/:na]
	at org.transitime.avl.PollUrlAvlModule.run(PollUrlAvlModule.java:249) ~[classes/:na]
	at java.util.concurrent.ThreadPoolExecutor.runWorker(ThreadPoolExecutor.java:1142) [na:1.8.0_73]
	at java.util.concurrent.ThreadPoolExecutor$Worker.run(ThreadPoolExecutor.java:617) [na:1.8.0_73]
	at java.lang.Thread.run(Thread.java:745) [na:1.8.0_73]
	at org.transitime.utils.threading.NamedThread.run(NamedThread.java:100) [classes/:na]
Caused by: java.lang.NullPointerException: null
	at java.net.URL.<init>(URL.java:532) ~[na:1.8.0_73]
	... 8 common frames omitted

08:07:47.266 INFO  thread=GtfsRealtimeModule-1 [o.t.a.PollUrlAvlModule:176] Getting data from feed using url=null

08:07:47.266 ERROR thread=GtfsRealtimeModule-1 [o.t.a.PollUrlAvlModule:257] Error accessing AVL feed using URL=null.
java.net.MalformedURLException: null
	at java.net.URL.<init>(URL.java:627) ~[na:1.8.0_73]
	at java.net.URL.<init>(URL.java:490) ~[na:1.8.0_73]
	at java.net.URL.<init>(URL.java:439) ~[na:1.8.0_73]
	at org.transitime.avl.PollUrlAvlModule.getAndProcessData(PollUrlAvlModule.java:179) ~[classes/:na]
	at org.transitime.avl.PollUrlAvlModule.run(PollUrlAvlModule.java:249) ~[classes/:na]
	at java.util.concurrent.ThreadPoolExecutor.runWorker(ThreadPoolExecutor.java:1142) [na:1.8.0_73]
	at java.util.concurrent.ThreadPoolExecutor$Worker.run(ThreadPoolExecutor.java:617) [na:1.8.0_73]
	at java.lang.Thread.run(Thread.java:745) [na:1.8.0_73]
	at org.transitime.utils.threading.NamedThread.run(NamedThread.java:100) [classes/:na]
Caused by: java.lang.NullPointerException: null
	at java.net.URL.<init>(URL.java:532) ~[na:1.8.0_73]
	... 8 common frames omitted

08:07:52.266 INFO  thread=GtfsRealtimeModule-1 [o.t.a.PollUrlAvlModule:176] Getting data from feed using url=null

08:07:52.266 ERROR thread=GtfsRealtimeModule-1 [o.t.a.PollUrlAvlModule:257] Error accessing AVL feed using URL=null.
java.net.MalformedURLException: null
	at java.net.URL.<init>(URL.java:627) ~[na:1.8.0_73]
	at java.net.URL.<init>(URL.java:490) ~[na:1.8.0_73]
	at java.net.URL.<init>(URL.java:439) ~[na:1.8.0_73]
	at org.transitime.avl.PollUrlAvlModule.getAndProcessData(PollUrlAvlModule.java:179) ~[classes/:na]
	at org.transitime.avl.PollUrlAvlModule.run(PollUrlAvlModule.java:249) ~[classes/:na]
	at java.util.concurrent.ThreadPoolExecutor.runWorker(ThreadPoolExecutor.java:1142) [na:1.8.0_73]
	at java.util.concurrent.ThreadPoolExecutor$Worker.run(ThreadPoolExecutor.java:617) [na:1.8.0_73]
	at java.lang.Thread.run(Thread.java:745) [na:1.8.0_73]
	at org.transitime.utils.threading.NamedThread.run(NamedThread.java:100) [classes/:na]
Caused by: java.lang.NullPointerException: null
	at java.net.URL.<init>(URL.java:532) ~[na:1.8.0_73]
	... 8 common frames omitted

08:07:57.267 INFO  thread=GtfsRealtimeModule-1 [o.t.a.PollUrlAvlModule:176] Getting data from feed using url=null

08:07:57.267 ERROR thread=GtfsRealtimeModule-1 [o.t.a.PollUrlAvlModule:257] Error accessing AVL feed using URL=null.
java.net.MalformedURLException: null
	at java.net.URL.<init>(URL.java:627) ~[na:1.8.0_73]
	at java.net.URL.<init>(URL.java:490) ~[na:1.8.0_73]
	at java.net.URL.<init>(URL.java:439) ~[na:1.8.0_73]
	at org.transitime.avl.PollUrlAvlModule.getAndProcessData(PollUrlAvlModule.java:179) ~[classes/:na]
	at org.transitime.avl.PollUrlAvlModule.run(PollUrlAvlModule.java:249) ~[classes/:na]
	at java.util.concurrent.ThreadPoolExecutor.runWorker(ThreadPoolExecutor.java:1142) [na:1.8.0_73]
	at java.util.concurrent.ThreadPoolExecutor$Worker.run(ThreadPoolExecutor.java:617) [na:1.8.0_73]
	at java.lang.Thread.run(Thread.java:745) [na:1.8.0_73]
	at org.transitime.utils.threading.NamedThread.run(NamedThread.java:100) [classes/:na]
Caused by: java.lang.NullPointerException: null
	at java.net.URL.<init>(URL.java:532) ~[na:1.8.0_73]
	... 8 common frames omitted

08:08:02.267 INFO  thread=GtfsRealtimeModule-1 [o.t.a.PollUrlAvlModule:176] Getting data from feed using url=null

08:08:02.267 ERROR thread=GtfsRealtimeModule-1 [o.t.a.PollUrlAvlModule:257] Error accessing AVL feed using URL=null.
java.net.MalformedURLException: null
	at java.net.URL.<init>(URL.java:627) ~[na:1.8.0_73]
	at java.net.URL.<init>(URL.java:490) ~[na:1.8.0_73]
	at java.net.URL.<init>(URL.java:439) ~[na:1.8.0_73]
	at org.transitime.avl.PollUrlAvlModule.getAndProcessData(PollUrlAvlModule.java:179) ~[classes/:na]
	at org.transitime.avl.PollUrlAvlModule.run(PollUrlAvlModule.java:249) ~[classes/:na]
	at java.util.concurrent.ThreadPoolExecutor.runWorker(ThreadPoolExecutor.java:1142) [na:1.8.0_73]
	at java.util.concurrent.ThreadPoolExecutor$Worker.run(ThreadPoolExecutor.java:617) [na:1.8.0_73]
	at java.lang.Thread.run(Thread.java:745) [na:1.8.0_73]
	at org.transitime.utils.threading.NamedThread.run(NamedThread.java:100) [classes/:na]
Caused by: java.lang.NullPointerException: null
	at java.net.URL.<init>(URL.java:532) ~[na:1.8.0_73]
	... 8 common frames omitted

08:08:07.268 INFO  thread=GtfsRealtimeModule-1 [o.t.a.PollUrlAvlModule:176] Getting data from feed using url=null

08:08:07.268 ERROR thread=GtfsRealtimeModule-1 [o.t.a.PollUrlAvlModule:257] Error accessing AVL feed using URL=null.
java.net.MalformedURLException: null
	at java.net.URL.<init>(URL.java:627) ~[na:1.8.0_73]
	at java.net.URL.<init>(URL.java:490) ~[na:1.8.0_73]
	at java.net.URL.<init>(URL.java:439) ~[na:1.8.0_73]
	at org.transitime.avl.PollUrlAvlModule.getAndProcessData(PollUrlAvlModule.java:179) ~[classes/:na]
	at org.transitime.avl.PollUrlAvlModule.run(PollUrlAvlModule.java:249) ~[classes/:na]
	at java.util.concurrent.ThreadPoolExecutor.runWorker(ThreadPoolExecutor.java:1142) [na:1.8.0_73]
	at java.util.concurrent.ThreadPoolExecutor$Worker.run(ThreadPoolExecutor.java:617) [na:1.8.0_73]
	at java.lang.Thread.run(Thread.java:745) [na:1.8.0_73]
	at org.transitime.utils.threading.NamedThread.run(NamedThread.java:100) [classes/:na]
Caused by: java.lang.NullPointerException: null
	at java.net.URL.<init>(URL.java:532) ~[na:1.8.0_73]
	... 8 common frames omitted

08:08:12.268 INFO  thread=GtfsRealtimeModule-1 [o.t.a.PollUrlAvlModule:176] Getting data from feed using url=null

08:08:12.268 ERROR thread=GtfsRealtimeModule-1 [o.t.a.PollUrlAvlModule:257] Error accessing AVL feed using URL=null.
java.net.MalformedURLException: null
	at java.net.URL.<init>(URL.java:627) ~[na:1.8.0_73]
	at java.net.URL.<init>(URL.java:490) ~[na:1.8.0_73]
	at java.net.URL.<init>(URL.java:439) ~[na:1.8.0_73]
	at org.transitime.avl.PollUrlAvlModule.getAndProcessData(PollUrlAvlModule.java:179) ~[classes/:na]
	at org.transitime.avl.PollUrlAvlModule.run(PollUrlAvlModule.java:249) ~[classes/:na]
	at java.util.concurrent.ThreadPoolExecutor.runWorker(ThreadPoolExecutor.java:1142) [na:1.8.0_73]
	at java.util.concurrent.ThreadPoolExecutor$Worker.run(ThreadPoolExecutor.java:617) [na:1.8.0_73]
	at java.lang.Thread.run(Thread.java:745) [na:1.8.0_73]
	at org.transitime.utils.threading.NamedThread.run(NamedThread.java:100) [classes/:na]
Caused by: java.lang.NullPointerException: null
	at java.net.URL.<init>(URL.java:532) ~[na:1.8.0_73]
	... 8 common frames omitted

08:08:17.268 INFO  thread=GtfsRealtimeModule-1 [o.t.a.PollUrlAvlModule:176] Getting data from feed using url=null

08:08:17.268 ERROR thread=GtfsRealtimeModule-1 [o.t.a.PollUrlAvlModule:257] Error accessing AVL feed using URL=null.
java.net.MalformedURLException: null
	at java.net.URL.<init>(URL.java:627) ~[na:1.8.0_73]
	at java.net.URL.<init>(URL.java:490) ~[na:1.8.0_73]
	at java.net.URL.<init>(URL.java:439) ~[na:1.8.0_73]
	at org.transitime.avl.PollUrlAvlModule.getAndProcessData(PollUrlAvlModule.java:179) ~[classes/:na]
	at org.transitime.avl.PollUrlAvlModule.run(PollUrlAvlModule.java:249) ~[classes/:na]
	at java.util.concurrent.ThreadPoolExecutor.runWorker(ThreadPoolExecutor.java:1142) [na:1.8.0_73]
	at java.util.concurrent.ThreadPoolExecutor$Worker.run(ThreadPoolExecutor.java:617) [na:1.8.0_73]
	at java.lang.Thread.run(Thread.java:745) [na:1.8.0_73]
	at org.transitime.utils.threading.NamedThread.run(NamedThread.java:100) [classes/:na]
Caused by: java.lang.NullPointerException: null
	at java.net.URL.<init>(URL.java:532) ~[na:1.8.0_73]
	... 8 common frames omitted

08:08:32.928 INFO  thread=GtfsRealtimeModule-1 [o.t.a.PollUrlAvlModule:240] Started module org.transitime.avl.GtfsRealtimeModule for agencyId=02

08:08:32.928 INFO  thread=GtfsRealtimeModule-1 [o.t.a.PollUrlAvlModule:176] Getting data from feed using url=null

08:08:32.929 ERROR thread=GtfsRealtimeModule-1 [o.t.a.PollUrlAvlModule:257] Error accessing AVL feed using URL=null.
java.net.MalformedURLException: null
	at java.net.URL.<init>(URL.java:627) ~[na:1.8.0_73]
	at java.net.URL.<init>(URL.java:490) ~[na:1.8.0_73]
	at java.net.URL.<init>(URL.java:439) ~[na:1.8.0_73]
	at org.transitime.avl.PollUrlAvlModule.getAndProcessData(PollUrlAvlModule.java:179) ~[classes/:na]
	at org.transitime.avl.PollUrlAvlModule.run(PollUrlAvlModule.java:249) ~[classes/:na]
	at java.util.concurrent.ThreadPoolExecutor.runWorker(ThreadPoolExecutor.java:1142) [na:1.8.0_73]
	at java.util.concurrent.ThreadPoolExecutor$Worker.run(ThreadPoolExecutor.java:617) [na:1.8.0_73]
	at java.lang.Thread.run(Thread.java:745) [na:1.8.0_73]
	at org.transitime.utils.threading.NamedThread.run(NamedThread.java:100) [classes/:na]
Caused by: java.lang.NullPointerException: null
	at java.net.URL.<init>(URL.java:532) ~[na:1.8.0_73]
	... 8 common frames omitted

08:08:37.930 INFO  thread=GtfsRealtimeModule-1 [o.t.a.PollUrlAvlModule:176] Getting data from feed using url=null

08:08:37.930 ERROR thread=GtfsRealtimeModule-1 [o.t.a.PollUrlAvlModule:257] Error accessing AVL feed using URL=null.
java.net.MalformedURLException: null
	at java.net.URL.<init>(URL.java:627) ~[na:1.8.0_73]
	at java.net.URL.<init>(URL.java:490) ~[na:1.8.0_73]
	at java.net.URL.<init>(URL.java:439) ~[na:1.8.0_73]
	at org.transitime.avl.PollUrlAvlModule.getAndProcessData(PollUrlAvlModule.java:179) ~[classes/:na]
	at org.transitime.avl.PollUrlAvlModule.run(PollUrlAvlModule.java:249) ~[classes/:na]
	at java.util.concurrent.ThreadPoolExecutor.runWorker(ThreadPoolExecutor.java:1142) [na:1.8.0_73]
	at java.util.concurrent.ThreadPoolExecutor$Worker.run(ThreadPoolExecutor.java:617) [na:1.8.0_73]
	at java.lang.Thread.run(Thread.java:745) [na:1.8.0_73]
	at org.transitime.utils.threading.NamedThread.run(NamedThread.java:100) [classes/:na]
Caused by: java.lang.NullPointerException: null
	at java.net.URL.<init>(URL.java:532) ~[na:1.8.0_73]
	... 8 common frames omitted

08:08:42.931 INFO  thread=GtfsRealtimeModule-1 [o.t.a.PollUrlAvlModule:176] Getting data from feed using url=null

08:08:42.931 ERROR thread=GtfsRealtimeModule-1 [o.t.a.PollUrlAvlModule:257] Error accessing AVL feed using URL=null.
java.net.MalformedURLException: null
	at java.net.URL.<init>(URL.java:627) ~[na:1.8.0_73]
	at java.net.URL.<init>(URL.java:490) ~[na:1.8.0_73]
	at java.net.URL.<init>(URL.java:439) ~[na:1.8.0_73]
	at org.transitime.avl.PollUrlAvlModule.getAndProcessData(PollUrlAvlModule.java:179) ~[classes/:na]
	at org.transitime.avl.PollUrlAvlModule.run(PollUrlAvlModule.java:249) ~[classes/:na]
	at java.util.concurrent.ThreadPoolExecutor.runWorker(ThreadPoolExecutor.java:1142) [na:1.8.0_73]
	at java.util.concurrent.ThreadPoolExecutor$Worker.run(ThreadPoolExecutor.java:617) [na:1.8.0_73]
	at java.lang.Thread.run(Thread.java:745) [na:1.8.0_73]
	at org.transitime.utils.threading.NamedThread.run(NamedThread.java:100) [classes/:na]
Caused by: java.lang.NullPointerException: null
	at java.net.URL.<init>(URL.java:532) ~[na:1.8.0_73]
	... 8 common frames omitted

08:08:47.931 INFO  thread=GtfsRealtimeModule-1 [o.t.a.PollUrlAvlModule:176] Getting data from feed using url=null

08:08:47.931 ERROR thread=GtfsRealtimeModule-1 [o.t.a.PollUrlAvlModule:257] Error accessing AVL feed using URL=null.
java.net.MalformedURLException: null
	at java.net.URL.<init>(URL.java:627) ~[na:1.8.0_73]
	at java.net.URL.<init>(URL.java:490) ~[na:1.8.0_73]
	at java.net.URL.<init>(URL.java:439) ~[na:1.8.0_73]
	at org.transitime.avl.PollUrlAvlModule.getAndProcessData(PollUrlAvlModule.java:179) ~[classes/:na]
	at org.transitime.avl.PollUrlAvlModule.run(PollUrlAvlModule.java:249) ~[classes/:na]
	at java.util.concurrent.ThreadPoolExecutor.runWorker(ThreadPoolExecutor.java:1142) [na:1.8.0_73]
	at java.util.concurrent.ThreadPoolExecutor$Worker.run(ThreadPoolExecutor.java:617) [na:1.8.0_73]
	at java.lang.Thread.run(Thread.java:745) [na:1.8.0_73]
	at org.transitime.utils.threading.NamedThread.run(NamedThread.java:100) [classes/:na]
Caused by: java.lang.NullPointerException: null
	at java.net.URL.<init>(URL.java:532) ~[na:1.8.0_73]
	... 8 common frames omitted

08:08:52.931 INFO  thread=GtfsRealtimeModule-1 [o.t.a.PollUrlAvlModule:176] Getting data from feed using url=null

08:08:52.931 ERROR thread=GtfsRealtimeModule-1 [o.t.a.PollUrlAvlModule:257] Error accessing AVL feed using URL=null.
java.net.MalformedURLException: null
	at java.net.URL.<init>(URL.java:627) ~[na:1.8.0_73]
	at java.net.URL.<init>(URL.java:490) ~[na:1.8.0_73]
	at java.net.URL.<init>(URL.java:439) ~[na:1.8.0_73]
	at org.transitime.avl.PollUrlAvlModule.getAndProcessData(PollUrlAvlModule.java:179) ~[classes/:na]
	at org.transitime.avl.PollUrlAvlModule.run(PollUrlAvlModule.java:249) ~[classes/:na]
	at java.util.concurrent.ThreadPoolExecutor.runWorker(ThreadPoolExecutor.java:1142) [na:1.8.0_73]
	at java.util.concurrent.ThreadPoolExecutor$Worker.run(ThreadPoolExecutor.java:617) [na:1.8.0_73]
	at java.lang.Thread.run(Thread.java:745) [na:1.8.0_73]
	at org.transitime.utils.threading.NamedThread.run(NamedThread.java:100) [classes/:na]
Caused by: java.lang.NullPointerException: null
	at java.net.URL.<init>(URL.java:532) ~[na:1.8.0_73]
	... 8 common frames omitted

08:08:57.932 INFO  thread=GtfsRealtimeModule-1 [o.t.a.PollUrlAvlModule:176] Getting data from feed using url=null

08:08:57.932 ERROR thread=GtfsRealtimeModule-1 [o.t.a.PollUrlAvlModule:257] Error accessing AVL feed using URL=null.
java.net.MalformedURLException: null
	at java.net.URL.<init>(URL.java:627) ~[na:1.8.0_73]
	at java.net.URL.<init>(URL.java:490) ~[na:1.8.0_73]
	at java.net.URL.<init>(URL.java:439) ~[na:1.8.0_73]
	at org.transitime.avl.PollUrlAvlModule.getAndProcessData(PollUrlAvlModule.java:179) ~[classes/:na]
	at org.transitime.avl.PollUrlAvlModule.run(PollUrlAvlModule.java:249) ~[classes/:na]
	at java.util.concurrent.ThreadPoolExecutor.runWorker(ThreadPoolExecutor.java:1142) [na:1.8.0_73]
	at java.util.concurrent.ThreadPoolExecutor$Worker.run(ThreadPoolExecutor.java:617) [na:1.8.0_73]
	at java.lang.Thread.run(Thread.java:745) [na:1.8.0_73]
	at org.transitime.utils.threading.NamedThread.run(NamedThread.java:100) [classes/:na]
Caused by: java.lang.NullPointerException: null
	at java.net.URL.<init>(URL.java:532) ~[na:1.8.0_73]
	... 8 common frames omitted

08:09:02.932 INFO  thread=GtfsRealtimeModule-1 [o.t.a.PollUrlAvlModule:176] Getting data from feed using url=null

08:09:02.932 ERROR thread=GtfsRealtimeModule-1 [o.t.a.PollUrlAvlModule:257] Error accessing AVL feed using URL=null.
java.net.MalformedURLException: null
	at java.net.URL.<init>(URL.java:627) ~[na:1.8.0_73]
	at java.net.URL.<init>(URL.java:490) ~[na:1.8.0_73]
	at java.net.URL.<init>(URL.java:439) ~[na:1.8.0_73]
	at org.transitime.avl.PollUrlAvlModule.getAndProcessData(PollUrlAvlModule.java:179) ~[classes/:na]
	at org.transitime.avl.PollUrlAvlModule.run(PollUrlAvlModule.java:249) ~[classes/:na]
	at java.util.concurrent.ThreadPoolExecutor.runWorker(ThreadPoolExecutor.java:1142) [na:1.8.0_73]
	at java.util.concurrent.ThreadPoolExecutor$Worker.run(ThreadPoolExecutor.java:617) [na:1.8.0_73]
	at java.lang.Thread.run(Thread.java:745) [na:1.8.0_73]
	at org.transitime.utils.threading.NamedThread.run(NamedThread.java:100) [classes/:na]
Caused by: java.lang.NullPointerException: null
	at java.net.URL.<init>(URL.java:532) ~[na:1.8.0_73]
	... 8 common frames omitted

08:09:07.932 INFO  thread=GtfsRealtimeModule-1 [o.t.a.PollUrlAvlModule:176] Getting data from feed using url=null

08:09:07.932 ERROR thread=GtfsRealtimeModule-1 [o.t.a.PollUrlAvlModule:257] Error accessing AVL feed using URL=null.
java.net.MalformedURLException: null
	at java.net.URL.<init>(URL.java:627) ~[na:1.8.0_73]
	at java.net.URL.<init>(URL.java:490) ~[na:1.8.0_73]
	at java.net.URL.<init>(URL.java:439) ~[na:1.8.0_73]
	at org.transitime.avl.PollUrlAvlModule.getAndProcessData(PollUrlAvlModule.java:179) ~[classes/:na]
	at org.transitime.avl.PollUrlAvlModule.run(PollUrlAvlModule.java:249) ~[classes/:na]
	at java.util.concurrent.ThreadPoolExecutor.runWorker(ThreadPoolExecutor.java:1142) [na:1.8.0_73]
	at java.util.concurrent.ThreadPoolExecutor$Worker.run(ThreadPoolExecutor.java:617) [na:1.8.0_73]
	at java.lang.Thread.run(Thread.java:745) [na:1.8.0_73]
	at org.transitime.utils.threading.NamedThread.run(NamedThread.java:100) [classes/:na]
Caused by: java.lang.NullPointerException: null
	at java.net.URL.<init>(URL.java:532) ~[na:1.8.0_73]
	... 8 common frames omitted

08:09:12.934 INFO  thread=GtfsRealtimeModule-1 [o.t.a.PollUrlAvlModule:176] Getting data from feed using url=null

08:09:12.934 ERROR thread=GtfsRealtimeModule-1 [o.t.a.PollUrlAvlModule:257] Error accessing AVL feed using URL=null.
java.net.MalformedURLException: null
	at java.net.URL.<init>(URL.java:627) ~[na:1.8.0_73]
	at java.net.URL.<init>(URL.java:490) ~[na:1.8.0_73]
	at java.net.URL.<init>(URL.java:439) ~[na:1.8.0_73]
	at org.transitime.avl.PollUrlAvlModule.getAndProcessData(PollUrlAvlModule.java:179) ~[classes/:na]
	at org.transitime.avl.PollUrlAvlModule.run(PollUrlAvlModule.java:249) ~[classes/:na]
	at java.util.concurrent.ThreadPoolExecutor.runWorker(ThreadPoolExecutor.java:1142) [na:1.8.0_73]
	at java.util.concurrent.ThreadPoolExecutor$Worker.run(ThreadPoolExecutor.java:617) [na:1.8.0_73]
	at java.lang.Thread.run(Thread.java:745) [na:1.8.0_73]
	at org.transitime.utils.threading.NamedThread.run(NamedThread.java:100) [classes/:na]
Caused by: java.lang.NullPointerException: null
	at java.net.URL.<init>(URL.java:532) ~[na:1.8.0_73]
	... 8 common frames omitted

08:09:17.934 INFO  thread=GtfsRealtimeModule-1 [o.t.a.PollUrlAvlModule:176] Getting data from feed using url=null

08:09:17.934 ERROR thread=GtfsRealtimeModule-1 [o.t.a.PollUrlAvlModule:257] Error accessing AVL feed using URL=null.
java.net.MalformedURLException: null
	at java.net.URL.<init>(URL.java:627) ~[na:1.8.0_73]
	at java.net.URL.<init>(URL.java:490) ~[na:1.8.0_73]
	at java.net.URL.<init>(URL.java:439) ~[na:1.8.0_73]
	at org.transitime.avl.PollUrlAvlModule.getAndProcessData(PollUrlAvlModule.java:179) ~[classes/:na]
	at org.transitime.avl.PollUrlAvlModule.run(PollUrlAvlModule.java:249) ~[classes/:na]
	at java.util.concurrent.ThreadPoolExecutor.runWorker(ThreadPoolExecutor.java:1142) [na:1.8.0_73]
	at java.util.concurrent.ThreadPoolExecutor$Worker.run(ThreadPoolExecutor.java:617) [na:1.8.0_73]
	at java.lang.Thread.run(Thread.java:745) [na:1.8.0_73]
	at org.transitime.utils.threading.NamedThread.run(NamedThread.java:100) [classes/:na]
Caused by: java.lang.NullPointerException: null
	at java.net.URL.<init>(URL.java:532) ~[na:1.8.0_73]
	... 8 common frames omitted

08:09:22.935 INFO  thread=GtfsRealtimeModule-1 [o.t.a.PollUrlAvlModule:176] Getting data from feed using url=null

08:09:22.935 ERROR thread=GtfsRealtimeModule-1 [o.t.a.PollUrlAvlModule:257] Error accessing AVL feed using URL=null.
java.net.MalformedURLException: null
	at java.net.URL.<init>(URL.java:627) ~[na:1.8.0_73]
	at java.net.URL.<init>(URL.java:490) ~[na:1.8.0_73]
	at java.net.URL.<init>(URL.java:439) ~[na:1.8.0_73]
	at org.transitime.avl.PollUrlAvlModule.getAndProcessData(PollUrlAvlModule.java:179) ~[classes/:na]
	at org.transitime.avl.PollUrlAvlModule.run(PollUrlAvlModule.java:249) ~[classes/:na]
	at java.util.concurrent.ThreadPoolExecutor.runWorker(ThreadPoolExecutor.java:1142) [na:1.8.0_73]
	at java.util.concurrent.ThreadPoolExecutor$Worker.run(ThreadPoolExecutor.java:617) [na:1.8.0_73]
	at java.lang.Thread.run(Thread.java:745) [na:1.8.0_73]
	at org.transitime.utils.threading.NamedThread.run(NamedThread.java:100) [classes/:na]
Caused by: java.lang.NullPointerException: null
	at java.net.URL.<init>(URL.java:532) ~[na:1.8.0_73]
	... 8 common frames omitted

08:09:27.935 INFO  thread=GtfsRealtimeModule-1 [o.t.a.PollUrlAvlModule:176] Getting data from feed using url=null

08:09:27.935 ERROR thread=GtfsRealtimeModule-1 [o.t.a.PollUrlAvlModule:257] Error accessing AVL feed using URL=null.
java.net.MalformedURLException: null
	at java.net.URL.<init>(URL.java:627) ~[na:1.8.0_73]
	at java.net.URL.<init>(URL.java:490) ~[na:1.8.0_73]
	at java.net.URL.<init>(URL.java:439) ~[na:1.8.0_73]
	at org.transitime.avl.PollUrlAvlModule.getAndProcessData(PollUrlAvlModule.java:179) ~[classes/:na]
	at org.transitime.avl.PollUrlAvlModule.run(PollUrlAvlModule.java:249) ~[classes/:na]
	at java.util.concurrent.ThreadPoolExecutor.runWorker(ThreadPoolExecutor.java:1142) [na:1.8.0_73]
	at java.util.concurrent.ThreadPoolExecutor$Worker.run(ThreadPoolExecutor.java:617) [na:1.8.0_73]
	at java.lang.Thread.run(Thread.java:745) [na:1.8.0_73]
	at org.transitime.utils.threading.NamedThread.run(NamedThread.java:100) [classes/:na]
Caused by: java.lang.NullPointerException: null
	at java.net.URL.<init>(URL.java:532) ~[na:1.8.0_73]
	... 8 common frames omitted

08:09:32.935 INFO  thread=GtfsRealtimeModule-1 [o.t.a.PollUrlAvlModule:176] Getting data from feed using url=null

08:09:32.935 ERROR thread=GtfsRealtimeModule-1 [o.t.a.PollUrlAvlModule:257] Error accessing AVL feed using URL=null.
java.net.MalformedURLException: null
	at java.net.URL.<init>(URL.java:627) ~[na:1.8.0_73]
	at java.net.URL.<init>(URL.java:490) ~[na:1.8.0_73]
	at java.net.URL.<init>(URL.java:439) ~[na:1.8.0_73]
	at org.transitime.avl.PollUrlAvlModule.getAndProcessData(PollUrlAvlModule.java:179) ~[classes/:na]
	at org.transitime.avl.PollUrlAvlModule.run(PollUrlAvlModule.java:249) ~[classes/:na]
	at java.util.concurrent.ThreadPoolExecutor.runWorker(ThreadPoolExecutor.java:1142) [na:1.8.0_73]
	at java.util.concurrent.ThreadPoolExecutor$Worker.run(ThreadPoolExecutor.java:617) [na:1.8.0_73]
	at java.lang.Thread.run(Thread.java:745) [na:1.8.0_73]
	at org.transitime.utils.threading.NamedThread.run(NamedThread.java:100) [classes/:na]
Caused by: java.lang.NullPointerException: null
	at java.net.URL.<init>(URL.java:532) ~[na:1.8.0_73]
	... 8 common frames omitted

08:09:37.936 INFO  thread=GtfsRealtimeModule-1 [o.t.a.PollUrlAvlModule:176] Getting data from feed using url=null

08:09:37.936 ERROR thread=GtfsRealtimeModule-1 [o.t.a.PollUrlAvlModule:257] Error accessing AVL feed using URL=null.
java.net.MalformedURLException: null
	at java.net.URL.<init>(URL.java:627) ~[na:1.8.0_73]
	at java.net.URL.<init>(URL.java:490) ~[na:1.8.0_73]
	at java.net.URL.<init>(URL.java:439) ~[na:1.8.0_73]
	at org.transitime.avl.PollUrlAvlModule.getAndProcessData(PollUrlAvlModule.java:179) ~[classes/:na]
	at org.transitime.avl.PollUrlAvlModule.run(PollUrlAvlModule.java:249) ~[classes/:na]
	at java.util.concurrent.ThreadPoolExecutor.runWorker(ThreadPoolExecutor.java:1142) [na:1.8.0_73]
	at java.util.concurrent.ThreadPoolExecutor$Worker.run(ThreadPoolExecutor.java:617) [na:1.8.0_73]
	at java.lang.Thread.run(Thread.java:745) [na:1.8.0_73]
	at org.transitime.utils.threading.NamedThread.run(NamedThread.java:100) [classes/:na]
Caused by: java.lang.NullPointerException: null
	at java.net.URL.<init>(URL.java:532) ~[na:1.8.0_73]
	... 8 common frames omitted

08:09:42.936 INFO  thread=GtfsRealtimeModule-1 [o.t.a.PollUrlAvlModule:176] Getting data from feed using url=null

08:09:42.936 ERROR thread=GtfsRealtimeModule-1 [o.t.a.PollUrlAvlModule:257] Error accessing AVL feed using URL=null.
java.net.MalformedURLException: null
	at java.net.URL.<init>(URL.java:627) ~[na:1.8.0_73]
	at java.net.URL.<init>(URL.java:490) ~[na:1.8.0_73]
	at java.net.URL.<init>(URL.java:439) ~[na:1.8.0_73]
	at org.transitime.avl.PollUrlAvlModule.getAndProcessData(PollUrlAvlModule.java:179) ~[classes/:na]
	at org.transitime.avl.PollUrlAvlModule.run(PollUrlAvlModule.java:249) ~[classes/:na]
	at java.util.concurrent.ThreadPoolExecutor.runWorker(ThreadPoolExecutor.java:1142) [na:1.8.0_73]
	at java.util.concurrent.ThreadPoolExecutor$Worker.run(ThreadPoolExecutor.java:617) [na:1.8.0_73]
	at java.lang.Thread.run(Thread.java:745) [na:1.8.0_73]
	at org.transitime.utils.threading.NamedThread.run(NamedThread.java:100) [classes/:na]
Caused by: java.lang.NullPointerException: null
	at java.net.URL.<init>(URL.java:532) ~[na:1.8.0_73]
	... 8 common frames omitted

08:09:47.937 INFO  thread=GtfsRealtimeModule-1 [o.t.a.PollUrlAvlModule:176] Getting data from feed using url=null

08:09:47.937 ERROR thread=GtfsRealtimeModule-1 [o.t.a.PollUrlAvlModule:257] Error accessing AVL feed using URL=null.
java.net.MalformedURLException: null
	at java.net.URL.<init>(URL.java:627) ~[na:1.8.0_73]
	at java.net.URL.<init>(URL.java:490) ~[na:1.8.0_73]
	at java.net.URL.<init>(URL.java:439) ~[na:1.8.0_73]
	at org.transitime.avl.PollUrlAvlModule.getAndProcessData(PollUrlAvlModule.java:179) ~[classes/:na]
	at org.transitime.avl.PollUrlAvlModule.run(PollUrlAvlModule.java:249) ~[classes/:na]
	at java.util.concurrent.ThreadPoolExecutor.runWorker(ThreadPoolExecutor.java:1142) [na:1.8.0_73]
	at java.util.concurrent.ThreadPoolExecutor$Worker.run(ThreadPoolExecutor.java:617) [na:1.8.0_73]
	at java.lang.Thread.run(Thread.java:745) [na:1.8.0_73]
	at org.transitime.utils.threading.NamedThread.run(NamedThread.java:100) [classes/:na]
Caused by: java.lang.NullPointerException: null
	at java.net.URL.<init>(URL.java:532) ~[na:1.8.0_73]
	... 8 common frames omitted

08:09:52.938 INFO  thread=GtfsRealtimeModule-1 [o.t.a.PollUrlAvlModule:176] Getting data from feed using url=null

08:09:52.938 ERROR thread=GtfsRealtimeModule-1 [o.t.a.PollUrlAvlModule:257] Error accessing AVL feed using URL=null.
java.net.MalformedURLException: null
	at java.net.URL.<init>(URL.java:627) ~[na:1.8.0_73]
	at java.net.URL.<init>(URL.java:490) ~[na:1.8.0_73]
	at java.net.URL.<init>(URL.java:439) ~[na:1.8.0_73]
	at org.transitime.avl.PollUrlAvlModule.getAndProcessData(PollUrlAvlModule.java:179) ~[classes/:na]
	at org.transitime.avl.PollUrlAvlModule.run(PollUrlAvlModule.java:249) ~[classes/:na]
	at java.util.concurrent.ThreadPoolExecutor.runWorker(ThreadPoolExecutor.java:1142) [na:1.8.0_73]
	at java.util.concurrent.ThreadPoolExecutor$Worker.run(ThreadPoolExecutor.java:617) [na:1.8.0_73]
	at java.lang.Thread.run(Thread.java:745) [na:1.8.0_73]
	at org.transitime.utils.threading.NamedThread.run(NamedThread.java:100) [classes/:na]
Caused by: java.lang.NullPointerException: null
	at java.net.URL.<init>(URL.java:532) ~[na:1.8.0_73]
	... 8 common frames omitted

08:09:57.938 INFO  thread=GtfsRealtimeModule-1 [o.t.a.PollUrlAvlModule:176] Getting data from feed using url=null

08:09:57.938 ERROR thread=GtfsRealtimeModule-1 [o.t.a.PollUrlAvlModule:257] Error accessing AVL feed using URL=null.
java.net.MalformedURLException: null
	at java.net.URL.<init>(URL.java:627) ~[na:1.8.0_73]
	at java.net.URL.<init>(URL.java:490) ~[na:1.8.0_73]
	at java.net.URL.<init>(URL.java:439) ~[na:1.8.0_73]
	at org.transitime.avl.PollUrlAvlModule.getAndProcessData(PollUrlAvlModule.java:179) ~[classes/:na]
	at org.transitime.avl.PollUrlAvlModule.run(PollUrlAvlModule.java:249) ~[classes/:na]
	at java.util.concurrent.ThreadPoolExecutor.runWorker(ThreadPoolExecutor.java:1142) [na:1.8.0_73]
	at java.util.concurrent.ThreadPoolExecutor$Worker.run(ThreadPoolExecutor.java:617) [na:1.8.0_73]
	at java.lang.Thread.run(Thread.java:745) [na:1.8.0_73]
	at org.transitime.utils.threading.NamedThread.run(NamedThread.java:100) [classes/:na]
Caused by: java.lang.NullPointerException: null
	at java.net.URL.<init>(URL.java:532) ~[na:1.8.0_73]
	... 8 common frames omitted

08:10:02.938 INFO  thread=GtfsRealtimeModule-1 [o.t.a.PollUrlAvlModule:176] Getting data from feed using url=null

08:10:02.938 ERROR thread=GtfsRealtimeModule-1 [o.t.a.PollUrlAvlModule:257] Error accessing AVL feed using URL=null.
java.net.MalformedURLException: null
	at java.net.URL.<init>(URL.java:627) ~[na:1.8.0_73]
	at java.net.URL.<init>(URL.java:490) ~[na:1.8.0_73]
	at java.net.URL.<init>(URL.java:439) ~[na:1.8.0_73]
	at org.transitime.avl.PollUrlAvlModule.getAndProcessData(PollUrlAvlModule.java:179) ~[classes/:na]
	at org.transitime.avl.PollUrlAvlModule.run(PollUrlAvlModule.java:249) ~[classes/:na]
	at java.util.concurrent.ThreadPoolExecutor.runWorker(ThreadPoolExecutor.java:1142) [na:1.8.0_73]
	at java.util.concurrent.ThreadPoolExecutor$Worker.run(ThreadPoolExecutor.java:617) [na:1.8.0_73]
	at java.lang.Thread.run(Thread.java:745) [na:1.8.0_73]
	at org.transitime.utils.threading.NamedThread.run(NamedThread.java:100) [classes/:na]
Caused by: java.lang.NullPointerException: null
	at java.net.URL.<init>(URL.java:532) ~[na:1.8.0_73]
	... 8 common frames omitted

08:10:07.939 INFO  thread=GtfsRealtimeModule-1 [o.t.a.PollUrlAvlModule:176] Getting data from feed using url=null

08:10:07.939 ERROR thread=GtfsRealtimeModule-1 [o.t.a.PollUrlAvlModule:257] Error accessing AVL feed using URL=null.
java.net.MalformedURLException: null
	at java.net.URL.<init>(URL.java:627) ~[na:1.8.0_73]
	at java.net.URL.<init>(URL.java:490) ~[na:1.8.0_73]
	at java.net.URL.<init>(URL.java:439) ~[na:1.8.0_73]
	at org.transitime.avl.PollUrlAvlModule.getAndProcessData(PollUrlAvlModule.java:179) ~[classes/:na]
	at org.transitime.avl.PollUrlAvlModule.run(PollUrlAvlModule.java:249) ~[classes/:na]
	at java.util.concurrent.ThreadPoolExecutor.runWorker(ThreadPoolExecutor.java:1142) [na:1.8.0_73]
	at java.util.concurrent.ThreadPoolExecutor$Worker.run(ThreadPoolExecutor.java:617) [na:1.8.0_73]
	at java.lang.Thread.run(Thread.java:745) [na:1.8.0_73]
	at org.transitime.utils.threading.NamedThread.run(NamedThread.java:100) [classes/:na]
Caused by: java.lang.NullPointerException: null
	at java.net.URL.<init>(URL.java:532) ~[na:1.8.0_73]
	... 8 common frames omitted
