
08:07:37.708 INFO  thread=main [o.h.a.c.Version:66] HCANN000001: Hibernate Commons Annotations {4.0.5.Final}

08:07:37.715 INFO  thread=main [o.h.Version:54] HHH000412: Hibernate Core {4.3.9.Final}

08:07:37.717 INFO  thread=main [o.h.c.Environment:239] HHH000206: hibernate.properties not found

08:07:37.719 INFO  thread=main [o.h.c.Environment:346] HHH000021: Bytecode provider name : javassist

08:07:37.736 INFO  thread=main [o.t.d.h.HibernateUtils:84] Configuring Hibernate for dbName=02 using config file=hsql_hibernate.cfg.xml

08:07:37.737 INFO  thread=main [o.t.d.h.HibernateUtils:88] The Hibernate file hsql_hibernate.cfg.xml doesn't exist as a regular file so seeing if it is in classpath.

08:07:37.737 INFO  thread=main [o.h.c.Configuration:2133] HHH000042: Configuring from file: hsql_hibernate.cfg.xml

08:07:37.796 INFO  thread=main [o.h.c.Configuration:759] HHH000221: Reading mappings from resource: named_queries.hbm.xml

08:07:38.461 INFO  thread=main [o.h.c.Configuration:2216] HHH000041: Configured SessionFactory: null

08:07:38.483 INFO  thread=main [o.t.d.h.HibernateUtils:142] For Hibernate factory project dbName=02 using url=jdbc:hsqldb:mem://localhost/xdb username=SA, and configured password

08:07:38.559 WARN  thread=main [o.h.e.j.c.i.DriverManagerConnectionProviderImpl:93] HHH000402: Using Hibernate built-in connection pool (not for production use!)

08:07:38.569 INFO  thread=main [o.h.e.j.c.i.DriverManagerConnectionProviderImpl:166] HHH000401: using driver [org.hsqldb.jdbc.JDBCDriver] at URL [jdbc:hsqldb:mem://localhost/xdb]

08:07:38.569 INFO  thread=main [o.h.e.j.c.i.DriverManagerConnectionProviderImpl:175] HHH000046: Connection properties: {user=SA, password=****, autocommit=true}

08:07:38.569 INFO  thread=main [o.h.e.j.c.i.DriverManagerConnectionProviderImpl:180] HHH000006: Autocommit mode: true

08:07:38.571 INFO  thread=main [o.h.e.j.c.i.DriverManagerConnectionProviderImpl:102] HHH000115: Hibernate connection pool size: 20 (min=1)

08:07:38.873 INFO  thread=main [o.h.d.Dialect:145] HHH000400: Using dialect: org.hibernate.dialect.HSQLDialect

08:07:39.214 INFO  thread=main [o.h.e.t.i.TransactionFactoryInitiator:62] HHH000399: Using default transaction strategy (direct JDBC transactions)

08:07:39.219 INFO  thread=main [o.h.h.i.a.ASTQueryTranslatorFactory:47] HHH000397: Using ASTQueryTranslatorFactory

08:07:40.463 INFO  thread=main [o.h.t.h.SchemaUpdate:207] HHH000228: Running hbm2ddl schema update

08:07:40.463 INFO  thread=main [o.h.t.h.SchemaUpdate:218] HHH000102: Fetching database metadata

08:07:40.466 INFO  thread=main [o.h.t.h.SchemaUpdate:230] HHH000396: Updating schema

08:07:40.477 INFO  thread=main [j.s.DatabaseMetaData:147] HHH000262: Table not found: ActiveRevisions

08:07:40.481 INFO  thread=main [j.s.DatabaseMetaData:147] HHH000262: Table not found: Agencies

08:07:40.484 INFO  thread=main [j.s.DatabaseMetaData:147] HHH000262: Table not found: ApiKeys

08:07:40.486 INFO  thread=main [j.s.DatabaseMetaData:147] HHH000262: Table not found: ArrivalsDepartures

08:07:40.488 INFO  thread=main [j.s.DatabaseMetaData:147] HHH000262: Table not found: AvlReports

08:07:40.492 INFO  thread=main [j.s.DatabaseMetaData:147] HHH000262: Table not found: Block_to_Trip_joinTable

08:07:40.494 INFO  thread=main [j.s.DatabaseMetaData:147] HHH000262: Table not found: Blocks

08:07:40.496 INFO  thread=main [j.s.DatabaseMetaData:147] HHH000262: Table not found: CalendarDates

08:07:40.498 INFO  thread=main [j.s.DatabaseMetaData:147] HHH000262: Table not found: Calendars

08:07:40.499 INFO  thread=main [j.s.DatabaseMetaData:147] HHH000262: Table not found: ConfigRevision

08:07:40.500 INFO  thread=main [j.s.DatabaseMetaData:147] HHH000262: Table not found: DbTest

08:07:40.502 INFO  thread=main [j.s.DatabaseMetaData:147] HHH000262: Table not found: FareAttributes

08:07:40.503 INFO  thread=main [j.s.DatabaseMetaData:147] HHH000262: Table not found: FareRules

08:07:40.504 INFO  thread=main [j.s.DatabaseMetaData:147] HHH000262: Table not found: Frequencies

08:07:40.506 INFO  thread=main [j.s.DatabaseMetaData:147] HHH000262: Table not found: Matches

08:07:40.507 INFO  thread=main [j.s.DatabaseMetaData:147] HHH000262: Table not found: MeasuredArrivalTimes

08:07:40.509 INFO  thread=main [j.s.DatabaseMetaData:147] HHH000262: Table not found: MonitoringEvents

08:07:40.510 INFO  thread=main [j.s.DatabaseMetaData:147] HHH000262: Table not found: PredictionAccuracy

08:07:40.512 INFO  thread=main [j.s.DatabaseMetaData:147] HHH000262: Table not found: Predictions

08:07:40.513 INFO  thread=main [j.s.DatabaseMetaData:147] HHH000262: Table not found: Routes

08:07:40.515 INFO  thread=main [j.s.DatabaseMetaData:147] HHH000262: Table not found: StopPaths

08:07:40.516 INFO  thread=main [j.s.DatabaseMetaData:147] HHH000262: Table not found: Stops

08:07:40.517 INFO  thread=main [j.s.DatabaseMetaData:147] HHH000262: Table not found: Transfers

08:07:40.519 INFO  thread=main [j.s.DatabaseMetaData:147] HHH000262: Table not found: TravelTimesForStopPaths

08:07:40.520 INFO  thread=main [j.s.DatabaseMetaData:147] HHH000262: Table not found: TravelTimesForTrip_to_TravelTimesForPath_joinTable

08:07:40.522 INFO  thread=main [j.s.DatabaseMetaData:147] HHH000262: Table not found: TravelTimesForTrips

08:07:40.523 INFO  thread=main [j.s.DatabaseMetaData:147] HHH000262: Table not found: TripPattern_to_Path_joinTable

08:07:40.525 INFO  thread=main [j.s.DatabaseMetaData:147] HHH000262: Table not found: TripPatterns

08:07:40.526 INFO  thread=main [j.s.DatabaseMetaData:147] HHH000262: Table not found: Trips

08:07:40.528 INFO  thread=main [j.s.DatabaseMetaData:147] HHH000262: Table not found: VehicleConfigs

08:07:40.529 INFO  thread=main [j.s.DatabaseMetaData:147] HHH000262: Table not found: VehicleEvents

08:07:40.531 INFO  thread=main [j.s.DatabaseMetaData:147] HHH000262: Table not found: VehicleStates

08:07:40.533 INFO  thread=main [j.s.DatabaseMetaData:147] HHH000262: Table not found: WebAgencies

08:07:40.534 INFO  thread=main [j.s.DatabaseMetaData:147] HHH000262: Table not found: ActiveRevisions

08:07:40.536 INFO  thread=main [j.s.DatabaseMetaData:147] HHH000262: Table not found: Agencies

08:07:40.538 INFO  thread=main [j.s.DatabaseMetaData:147] HHH000262: Table not found: ApiKeys

08:07:40.539 INFO  thread=main [j.s.DatabaseMetaData:147] HHH000262: Table not found: ArrivalsDepartures

08:07:40.541 INFO  thread=main [j.s.DatabaseMetaData:147] HHH000262: Table not found: AvlReports

08:07:40.542 INFO  thread=main [j.s.DatabaseMetaData:147] HHH000262: Table not found: Block_to_Trip_joinTable

08:07:40.545 INFO  thread=main [j.s.DatabaseMetaData:147] HHH000262: Table not found: Blocks

08:07:40.546 INFO  thread=main [j.s.DatabaseMetaData:147] HHH000262: Table not found: CalendarDates

08:07:40.548 INFO  thread=main [j.s.DatabaseMetaData:147] HHH000262: Table not found: Calendars

08:07:40.550 INFO  thread=main [j.s.DatabaseMetaData:147] HHH000262: Table not found: ConfigRevision

08:07:40.552 INFO  thread=main [j.s.DatabaseMetaData:147] HHH000262: Table not found: DbTest

08:07:40.553 INFO  thread=main [j.s.DatabaseMetaData:147] HHH000262: Table not found: FareAttributes

08:07:40.555 INFO  thread=main [j.s.DatabaseMetaData:147] HHH000262: Table not found: FareRules

08:07:40.556 INFO  thread=main [j.s.DatabaseMetaData:147] HHH000262: Table not found: Frequencies

08:07:40.558 INFO  thread=main [j.s.DatabaseMetaData:147] HHH000262: Table not found: Matches

08:07:40.560 INFO  thread=main [j.s.DatabaseMetaData:147] HHH000262: Table not found: MeasuredArrivalTimes

08:07:40.561 INFO  thread=main [j.s.DatabaseMetaData:147] HHH000262: Table not found: MonitoringEvents

08:07:40.563 INFO  thread=main [j.s.DatabaseMetaData:147] HHH000262: Table not found: PredictionAccuracy

08:07:40.564 INFO  thread=main [j.s.DatabaseMetaData:147] HHH000262: Table not found: Predictions

08:07:40.565 INFO  thread=main [j.s.DatabaseMetaData:147] HHH000262: Table not found: Routes

08:07:40.566 INFO  thread=main [j.s.DatabaseMetaData:147] HHH000262: Table not found: StopPaths

08:07:40.568 INFO  thread=main [j.s.DatabaseMetaData:147] HHH000262: Table not found: Stops

08:07:40.569 INFO  thread=main [j.s.DatabaseMetaData:147] HHH000262: Table not found: Transfers

08:07:40.570 INFO  thread=main [j.s.DatabaseMetaData:147] HHH000262: Table not found: TravelTimesForStopPaths

08:07:40.572 INFO  thread=main [j.s.DatabaseMetaData:147] HHH000262: Table not found: TravelTimesForTrip_to_TravelTimesForPath_joinTable

08:07:40.573 INFO  thread=main [j.s.DatabaseMetaData:147] HHH000262: Table not found: TravelTimesForTrips

08:07:40.574 INFO  thread=main [j.s.DatabaseMetaData:147] HHH000262: Table not found: TripPattern_to_Path_joinTable

08:07:40.576 INFO  thread=main [j.s.DatabaseMetaData:147] HHH000262: Table not found: TripPatterns

08:07:40.577 INFO  thread=main [j.s.DatabaseMetaData:147] HHH000262: Table not found: Trips

08:07:40.578 INFO  thread=main [j.s.DatabaseMetaData:147] HHH000262: Table not found: VehicleConfigs

08:07:40.579 INFO  thread=main [j.s.DatabaseMetaData:147] HHH000262: Table not found: VehicleEvents

08:07:40.580 INFO  thread=main [j.s.DatabaseMetaData:147] HHH000262: Table not found: VehicleStates

08:07:40.582 INFO  thread=main [j.s.DatabaseMetaData:147] HHH000262: Table not found: WebAgencies

08:07:40.583 INFO  thread=main [j.s.DatabaseMetaData:147] HHH000262: Table not found: ActiveRevisions

08:07:40.584 INFO  thread=main [j.s.DatabaseMetaData:147] HHH000262: Table not found: Agencies

08:07:40.585 INFO  thread=main [j.s.DatabaseMetaData:147] HHH000262: Table not found: ApiKeys

08:07:40.586 INFO  thread=main [j.s.DatabaseMetaData:147] HHH000262: Table not found: ArrivalsDepartures

08:07:40.587 INFO  thread=main [j.s.DatabaseMetaData:147] HHH000262: Table not found: AvlReports

08:07:40.589 INFO  thread=main [j.s.DatabaseMetaData:147] HHH000262: Table not found: Block_to_Trip_joinTable

08:07:40.590 INFO  thread=main [j.s.DatabaseMetaData:147] HHH000262: Table not found: Blocks

08:07:40.592 INFO  thread=main [j.s.DatabaseMetaData:147] HHH000262: Table not found: CalendarDates

08:07:40.593 INFO  thread=main [j.s.DatabaseMetaData:147] HHH000262: Table not found: Calendars

08:07:40.594 INFO  thread=main [j.s.DatabaseMetaData:147] HHH000262: Table not found: ConfigRevision

08:07:40.595 INFO  thread=main [j.s.DatabaseMetaData:147] HHH000262: Table not found: DbTest

08:07:40.597 INFO  thread=main [j.s.DatabaseMetaData:147] HHH000262: Table not found: FareAttributes

08:07:40.598 INFO  thread=main [j.s.DatabaseMetaData:147] HHH000262: Table not found: FareRules

08:07:40.599 INFO  thread=main [j.s.DatabaseMetaData:147] HHH000262: Table not found: Frequencies

08:07:40.600 INFO  thread=main [j.s.DatabaseMetaData:147] HHH000262: Table not found: Matches

08:07:40.601 INFO  thread=main [j.s.DatabaseMetaData:147] HHH000262: Table not found: MeasuredArrivalTimes

08:07:40.603 INFO  thread=main [j.s.DatabaseMetaData:147] HHH000262: Table not found: MonitoringEvents

08:07:40.604 INFO  thread=main [j.s.DatabaseMetaData:147] HHH000262: Table not found: PredictionAccuracy

08:07:40.605 INFO  thread=main [j.s.DatabaseMetaData:147] HHH000262: Table not found: Predictions

08:07:40.607 INFO  thread=main [j.s.DatabaseMetaData:147] HHH000262: Table not found: Routes

08:07:40.608 INFO  thread=main [j.s.DatabaseMetaData:147] HHH000262: Table not found: StopPaths

08:07:40.610 INFO  thread=main [j.s.DatabaseMetaData:147] HHH000262: Table not found: Stops

08:07:40.611 INFO  thread=main [j.s.DatabaseMetaData:147] HHH000262: Table not found: Transfers

08:07:40.612 INFO  thread=main [j.s.DatabaseMetaData:147] HHH000262: Table not found: TravelTimesForStopPaths

08:07:40.614 INFO  thread=main [j.s.DatabaseMetaData:147] HHH000262: Table not found: TravelTimesForTrip_to_TravelTimesForPath_joinTable

08:07:40.615 INFO  thread=main [j.s.DatabaseMetaData:147] HHH000262: Table not found: TravelTimesForTrips

08:07:40.617 INFO  thread=main [j.s.DatabaseMetaData:147] HHH000262: Table not found: TripPattern_to_Path_joinTable

08:07:40.618 INFO  thread=main [j.s.DatabaseMetaData:147] HHH000262: Table not found: TripPatterns

08:07:40.620 INFO  thread=main [j.s.DatabaseMetaData:147] HHH000262: Table not found: Trips

08:07:40.621 INFO  thread=main [j.s.DatabaseMetaData:147] HHH000262: Table not found: VehicleConfigs

08:07:40.623 INFO  thread=main [j.s.DatabaseMetaData:147] HHH000262: Table not found: VehicleEvents

08:07:40.624 INFO  thread=main [j.s.DatabaseMetaData:147] HHH000262: Table not found: VehicleStates

08:07:40.625 INFO  thread=main [j.s.DatabaseMetaData:147] HHH000262: Table not found: WebAgencies

08:07:40.654 INFO  thread=main [o.h.t.h.SchemaUpdate:267] HHH000232: Schema update complete

08:07:40.869 ERROR thread=main [o.t.a.Core:119] ActiveRevisions in database is not valid. The configuration revs must be set to proper values. ActiveRevisions [configRev=-1, travelTimesRev=-1]

08:07:40.881 INFO  thread=main [o.t.g.DbConfig:174] Reading configuration database for configRev=-1...

08:07:40.882 INFO  thread=main [o.t.d.h.HibernateUtils:84] Configuring Hibernate for dbName=02 using config file=hsql_hibernate.cfg.xml

08:07:40.882 INFO  thread=main [o.t.d.h.HibernateUtils:88] The Hibernate file hsql_hibernate.cfg.xml doesn't exist as a regular file so seeing if it is in classpath.

08:07:40.882 INFO  thread=main [o.h.c.Configuration:2133] HHH000042: Configuring from file: hsql_hibernate.cfg.xml

08:07:40.886 INFO  thread=main [o.h.c.Configuration:759] HHH000221: Reading mappings from resource: named_queries.hbm.xml

08:07:41.156 INFO  thread=main [o.h.c.Configuration:2216] HHH000041: Configured SessionFactory: null

08:07:41.157 INFO  thread=main [o.t.d.h.HibernateUtils:142] For Hibernate factory project dbName=02 using url=jdbc:hsqldb:mem://localhost/xdb username=SA, and configured password

08:07:41.162 WARN  thread=main [o.h.e.j.c.i.DriverManagerConnectionProviderImpl:93] HHH000402: Using Hibernate built-in connection pool (not for production use!)

08:07:41.162 INFO  thread=main [o.h.e.j.c.i.DriverManagerConnectionProviderImpl:166] HHH000401: using driver [org.hsqldb.jdbc.JDBCDriver] at URL [jdbc:hsqldb:mem://localhost/xdb]

08:07:41.162 INFO  thread=main [o.h.e.j.c.i.DriverManagerConnectionProviderImpl:175] HHH000046: Connection properties: {user=SA, password=****, autocommit=true}

08:07:41.163 INFO  thread=main [o.h.e.j.c.i.DriverManagerConnectionProviderImpl:180] HHH000006: Autocommit mode: true

08:07:41.163 INFO  thread=main [o.h.e.j.c.i.DriverManagerConnectionProviderImpl:102] HHH000115: Hibernate connection pool size: 20 (min=1)

08:07:41.165 INFO  thread=main [o.h.d.Dialect:145] HHH000400: Using dialect: org.hibernate.dialect.HSQLDialect

08:07:41.215 INFO  thread=main [o.h.e.t.i.TransactionFactoryInitiator:62] HHH000399: Using default transaction strategy (direct JDBC transactions)

08:07:41.215 INFO  thread=main [o.h.h.i.a.ASTQueryTranslatorFactory:47] HHH000397: Using ASTQueryTranslatorFactory

08:07:41.610 INFO  thread=main [o.h.t.h.SchemaUpdate:207] HHH000228: Running hbm2ddl schema update

08:07:41.610 INFO  thread=main [o.h.t.h.SchemaUpdate:218] HHH000102: Fetching database metadata

08:07:41.611 INFO  thread=main [o.h.t.h.SchemaUpdate:230] HHH000396: Updating schema

08:07:41.632 INFO  thread=main [o.h.t.h.TableMetadata:66] HHH000261: Table found: PUBLIC.PUBLIC.ACTIVEREVISIONS

08:07:41.633 INFO  thread=main [o.h.t.h.TableMetadata:67] HHH000037: Columns: [traveltimesrev, id, configrev]

08:07:41.633 INFO  thread=main [o.h.t.h.TableMetadata:69] HHH000108: Foreign keys: []

08:07:41.633 INFO  thread=main [o.h.t.h.TableMetadata:70] HHH000126: Indexes: [sys_idx_sys_pk_10126_10127]

08:07:41.647 INFO  thread=main [o.h.t.h.TableMetadata:66] HHH000261: Table found: PUBLIC.PUBLIC.AGENCIES

08:07:41.647 INFO  thread=main [o.h.t.h.TableMetadata:67] HHH000037: Columns: [minlon, agencytimezone, maxlat, minlat, agencyurl, maxlon, agencyfareurl, agencyid, agencyphone, configrev, agencyname, agencylang]

08:07:41.648 INFO  thread=main [o.h.t.h.TableMetadata:69] HHH000108: Foreign keys: []

08:07:41.648 INFO  thread=main [o.h.t.h.TableMetadata:70] HHH000126: Indexes: [sys_idx_sys_pk_10130_10131]

08:07:41.664 INFO  thread=main [o.h.t.h.TableMetadata:66] HHH000261: Table found: PUBLIC.PUBLIC.APIKEYS

08:07:41.664 INFO  thread=main [o.h.t.h.TableMetadata:67] HHH000037: Columns: [phone, applicationkey, applicationurl, description, email, applicationname]

08:07:41.664 INFO  thread=main [o.h.t.h.TableMetadata:69] HHH000108: Foreign keys: []

08:07:41.665 INFO  thread=main [o.h.t.h.TableMetadata:70] HHH000126: Indexes: [sys_idx_sys_pk_10133_10134]

08:07:41.681 INFO  thread=main [o.h.t.h.TableMetadata:66] HHH000261: Table found: PUBLIC.PUBLIC.ARRIVALSDEPARTURES

08:07:41.681 INFO  thread=main [o.h.t.h.TableMetadata:67] HHH000037: Columns: [avltime, gtfsstopseq, stoppathindex, directionid, stoporder, dtype, stopid, tripid, configrev, stoppathlength, blockid, routeid, routeshortname, isarrival, vehicleid, time, serviceid, scheduledtime, tripindex]

08:07:41.682 INFO  thread=main [o.h.t.h.TableMetadata:69] HHH000108: Foreign keys: []

08:07:41.682 INFO  thread=main [o.h.t.h.TableMetadata:70] HHH000126: Indexes: [arrivalsdeparturestimeindex, sys_idx_sys_pk_10142_10143, arrivalsdeparturesroutetimeindex]

08:07:41.699 INFO  thread=main [o.h.t.h.TableMetadata:66] HHH000261: Table found: PUBLIC.PUBLIC.AVLREPORTS

08:07:41.699 INFO  thread=main [o.h.t.h.TableMetadata:67] HHH000037: Columns: [passengercount, heading, passengerfullness, lon, source, field1value, assignmentid, speed, assignmenttype, driverid, field1name, timeprocessed, vehicleid, time, licenseplate, lat]

08:07:41.699 INFO  thread=main [o.h.t.h.TableMetadata:69] HHH000108: Foreign keys: []

08:07:41.699 INFO  thread=main [o.h.t.h.TableMetadata:70] HHH000126: Indexes: [avlreportstimeindex, sys_idx_sys_pk_10146_10147]

08:07:41.718 INFO  thread=main [o.h.t.h.TableMetadata:66] HHH000261: Table found: PUBLIC.PUBLIC.BLOCK_TO_TRIP_JOINTABLE

08:07:41.718 INFO  thread=main [o.h.t.h.TableMetadata:67] HHH000037: Columns: [blocks_configrev, trips_configrev, listindex, blocks_blockid, trips_tripid, trips_starttime, blocks_serviceid]

08:07:41.718 INFO  thread=main [o.h.t.h.TableMetadata:69] HHH000108: Foreign keys: [fk_1c1e1twdap19vq0xkav0amvm, fk_abaj8ke6oh4imbbgnaercsowo]

08:07:41.718 INFO  thread=main [o.h.t.h.TableMetadata:70] HHH000126: Indexes: [sys_idx_10281, sys_idx_sys_pk_10155_10156, sys_idx_10279]

08:07:41.733 INFO  thread=main [o.h.t.h.TableMetadata:66] HHH000261: Table found: PUBLIC.PUBLIC.BLOCKS

08:07:41.733 INFO  thread=main [o.h.t.h.TableMetadata:67] HHH000037: Columns: [blockid, endtime, starttime, serviceid, configrev, routeids]

08:07:41.734 INFO  thread=main [o.h.t.h.TableMetadata:69] HHH000108: Foreign keys: []

08:07:41.734 INFO  thread=main [o.h.t.h.TableMetadata:70] HHH000126: Indexes: [sys_idx_sys_pk_10160_10161]

08:07:41.750 INFO  thread=main [o.h.t.h.TableMetadata:66] HHH000261: Table found: PUBLIC.PUBLIC.CALENDARDATES

08:07:41.750 INFO  thread=main [o.h.t.h.TableMetadata:67] HHH000037: Columns: [date, serviceid, configrev, exceptiontype]

08:07:41.750 INFO  thread=main [o.h.t.h.TableMetadata:69] HHH000108: Foreign keys: []

08:07:41.750 INFO  thread=main [o.h.t.h.TableMetadata:70] HHH000126: Indexes: [sys_idx_sys_pk_10165_10166]

08:07:41.763 INFO  thread=main [o.h.t.h.TableMetadata:66] HHH000261: Table found: PUBLIC.PUBLIC.CALENDARS

08:07:41.763 INFO  thread=main [o.h.t.h.TableMetadata:67] HHH000037: Columns: [sunday, saturday, tuesday, enddate, wednesday, thursday, friday, startdate, serviceid, configrev, monday]

08:07:41.764 INFO  thread=main [o.h.t.h.TableMetadata:69] HHH000108: Foreign keys: []

08:07:41.764 INFO  thread=main [o.h.t.h.TableMetadata:70] HHH000126: Indexes: [sys_idx_sys_pk_10178_10179]

08:07:41.777 INFO  thread=main [o.h.t.h.TableMetadata:66] HHH000261: Table found: PUBLIC.PUBLIC.CONFIGREVISION

08:07:41.777 INFO  thread=main [o.h.t.h.TableMetadata:67] HHH000037: Columns: [zipfilelastmodifiedtime, notes, processedtime, configrev]

08:07:41.777 INFO  thread=main [o.h.t.h.TableMetadata:69] HHH000108: Foreign keys: []

08:07:41.777 INFO  thread=main [o.h.t.h.TableMetadata:70] HHH000126: Indexes: [sys_idx_sys_pk_10181_10182]

08:07:41.792 INFO  thread=main [o.h.t.h.TableMetadata:66] HHH000261: Table found: PUBLIC.PUBLIC.DBTEST

08:07:41.792 INFO  thread=main [o.h.t.h.TableMetadata:67] HHH000037: Columns: [id]

08:07:41.792 INFO  thread=main [o.h.t.h.TableMetadata:69] HHH000108: Foreign keys: []

08:07:41.792 INFO  thread=main [o.h.t.h.TableMetadata:70] HHH000126: Indexes: [sys_idx_sys_pk_10184_10185]

08:07:41.806 INFO  thread=main [o.h.t.h.TableMetadata:66] HHH000261: Table found: PUBLIC.PUBLIC.FAREATTRIBUTES

08:07:41.806 INFO  thread=main [o.h.t.h.TableMetadata:67] HHH000037: Columns: [currencytype, fareid, price, transfers, transferduration, configrev, paymentmethod]

08:07:41.806 INFO  thread=main [o.h.t.h.TableMetadata:69] HHH000108: Foreign keys: []

08:07:41.806 INFO  thread=main [o.h.t.h.TableMetadata:70] HHH000126: Indexes: [sys_idx_sys_pk_10188_10189]

08:07:41.818 INFO  thread=main [o.h.t.h.TableMetadata:66] HHH000261: Table found: PUBLIC.PUBLIC.FARERULES

08:07:41.818 INFO  thread=main [o.h.t.h.TableMetadata:67] HHH000037: Columns: [containsid, routeid, originid, fareid, destinationid, configrev]

08:07:41.818 INFO  thread=main [o.h.t.h.TableMetadata:69] HHH000108: Foreign keys: []

08:07:41.818 INFO  thread=main [o.h.t.h.TableMetadata:70] HHH000126: Indexes: [sys_idx_sys_pk_10196_10197]

08:07:41.830 INFO  thread=main [o.h.t.h.TableMetadata:66] HHH000261: Table found: PUBLIC.PUBLIC.FREQUENCIES

08:07:41.830 INFO  thread=main [o.h.t.h.TableMetadata:67] HHH000037: Columns: [headwaysecs, endtime, exacttimes, tripid, starttime, configrev]

08:07:41.830 INFO  thread=main [o.h.t.h.TableMetadata:69] HHH000108: Foreign keys: []

08:07:41.830 INFO  thread=main [o.h.t.h.TableMetadata:70] HHH000126: Indexes: [sys_idx_sys_pk_10201_10202]

08:07:41.842 INFO  thread=main [o.h.t.h.TableMetadata:66] HHH000261: Table found: PUBLIC.PUBLIC.MATCHES

08:07:41.842 INFO  thread=main [o.h.t.h.TableMetadata:67] HHH000037: Columns: [blockid, avltime, stoppathindex, segmentindex, tripid, vehicleid, atstop, distancealongstoppath, configrev, serviceid, distancealongsegment]

08:07:41.842 INFO  thread=main [o.h.t.h.TableMetadata:69] HHH000108: Foreign keys: []

08:07:41.843 INFO  thread=main [o.h.t.h.TableMetadata:70] HHH000126: Indexes: [avltimeindex, sys_idx_sys_pk_10205_10206]

08:07:41.854 INFO  thread=main [o.h.t.h.TableMetadata:66] HHH000261: Table found: PUBLIC.PUBLIC.MEASUREDARRIVALTIMES

08:07:41.854 INFO  thread=main [o.h.t.h.TableMetadata:67] HHH000037: Columns: [headsign, routeid, directionid, routeshortname, stopid, time]

08:07:41.854 INFO  thread=main [o.h.t.h.TableMetadata:69] HHH000108: Foreign keys: []

08:07:41.854 INFO  thread=main [o.h.t.h.TableMetadata:70] HHH000126: Indexes: [sys_idx_sys_pk_10209_10210, measuredarrivaltimesindex]

08:07:41.866 INFO  thread=main [o.h.t.h.TableMetadata:66] HHH000261: Table found: PUBLIC.PUBLIC.MONITORINGEVENTS

08:07:41.867 INFO  thread=main [o.h.t.h.TableMetadata:67] HHH000037: Columns: [triggered, time, type, message, value]

08:07:41.867 INFO  thread=main [o.h.t.h.TableMetadata:69] HHH000108: Foreign keys: []

08:07:41.867 INFO  thread=main [o.h.t.h.TableMetadata:70] HHH000126: Indexes: [monitoringeventstimeindex, sys_idx_sys_pk_10213_10214]

08:07:41.880 INFO  thread=main [o.h.t.h.TableMetadata:66] HHH000261: Table found: PUBLIC.PUBLIC.PREDICTIONACCURACY

08:07:41.880 INFO  thread=main [o.h.t.h.TableMetadata:67] HHH000037: Columns: [directionid, predictedtime, stopid, tripid, predictionreadtime, routeid, predictionsource, routeshortname, affectedbywaitstop, id, vehicleid, arrivaldeparturetime, predictionaccuracymsecs]

08:07:41.881 INFO  thread=main [o.h.t.h.TableMetadata:69] HHH000108: Foreign keys: []

08:07:41.881 INFO  thread=main [o.h.t.h.TableMetadata:70] HHH000126: Indexes: [sys_idx_sys_pk_10215_10216, predictionaccuracytimeindex]

08:07:41.892 INFO  thread=main [o.h.t.h.TableMetadata:66] HHH000261: Table found: PUBLIC.PUBLIC.PREDICTIONS

08:07:41.893 INFO  thread=main [o.h.t.h.TableMetadata:67] HHH000037: Columns: [routeid, avltime, predictiontime, stopid, affectedbywaitstop, isarrival, tripid, id, creationtime, vehicleid, configrev, schedbasedpred]

08:07:41.893 INFO  thread=main [o.h.t.h.TableMetadata:69] HHH000108: Foreign keys: []

08:07:41.893 INFO  thread=main [o.h.t.h.TableMetadata:70] HHH000126: Indexes: [predictiontimeindex, sys_idx_sys_pk_10217_10218]

08:07:41.904 INFO  thread=main [o.h.t.h.TableMetadata:66] HHH000261: Table found: PUBLIC.PUBLIC.ROUTES

08:07:41.904 INFO  thread=main [o.h.t.h.TableMetadata:67] HHH000037: Columns: [maxdistance, longname, minlon, routeorder, color, hidden, maxlon, textcolor, description, configrev, type, shortname, maxlat, minlat, name, id]

08:07:41.904 INFO  thread=main [o.h.t.h.TableMetadata:69] HHH000108: Foreign keys: []

08:07:41.904 INFO  thread=main [o.h.t.h.TableMetadata:70] HHH000126: Indexes: [sys_idx_sys_pk_10221_10222]

08:07:41.915 INFO  thread=main [o.h.t.h.TableMetadata:66] HHH000261: Table found: PUBLIC.PUBLIC.STOPPATHS

08:07:41.916 INFO  thread=main [o.h.t.h.TableMetadata:67] HHH000037: Columns: [breaktime, gtfsstopseq, layoverstop, pathlength, stopid, stoppathid, configrev, scheduleadherencestop, laststopintrip, trippatternid, routeid, locations, waitstop]

08:07:41.916 INFO  thread=main [o.h.t.h.TableMetadata:69] HHH000108: Foreign keys: []

08:07:41.916 INFO  thread=main [o.h.t.h.TableMetadata:70] HHH000126: Indexes: [sys_idx_sys_pk_10226_10227]

08:07:41.928 INFO  thread=main [o.h.t.h.TableMetadata:66] HHH000261: Table found: PUBLIC.PUBLIC.STOPS

08:07:41.929 INFO  thread=main [o.h.t.h.TableMetadata:67] HHH000037: Columns: [timepointstop, code, hidden, layoverstop, name, lon, waitstop, id, configrev, lat]

08:07:41.929 INFO  thread=main [o.h.t.h.TableMetadata:69] HHH000108: Foreign keys: []

08:07:41.929 INFO  thread=main [o.h.t.h.TableMetadata:70] HHH000126: Indexes: [sys_idx_sys_pk_10230_10231]

08:07:41.941 INFO  thread=main [o.h.t.h.TableMetadata:66] HHH000261: Table found: PUBLIC.PUBLIC.TRANSFERS

08:07:41.941 INFO  thread=main [o.h.t.h.TableMetadata:67] HHH000037: Columns: [mintransfertime, tostopid, configrev, fromstopid, transfertype]

08:07:41.941 INFO  thread=main [o.h.t.h.TableMetadata:69] HHH000108: Foreign keys: []

08:07:41.942 INFO  thread=main [o.h.t.h.TableMetadata:70] HHH000126: Indexes: [sys_idx_sys_pk_10235_10236]

08:07:41.952 INFO  thread=main [o.h.t.h.TableMetadata:66] HHH000261: Table found: PUBLIC.PUBLIC.TRAVELTIMESFORSTOPPATHS

08:07:41.952 INFO  thread=main [o.h.t.h.TableMetadata:67] HHH000037: Columns: [traveltimesrev, stoptimemsec, traveltimesmsec, daysofweekoverride, stoppathid, id, configrev, traveltimesegmentlength, howset]

08:07:41.953 INFO  thread=main [o.h.t.h.TableMetadata:69] HHH000108: Foreign keys: []

08:07:41.953 INFO  thread=main [o.h.t.h.TableMetadata:70] HHH000126: Indexes: [sys_idx_sys_pk_10237_10238]

08:07:41.963 INFO  thread=main [o.h.t.h.TableMetadata:66] HHH000261: Table found: PUBLIC.PUBLIC.TRAVELTIMESFORTRIP_TO_TRAVELTIMESFORPATH_JOINTABLE

08:07:41.964 INFO  thread=main [o.h.t.h.TableMetadata:67] HHH000037: Columns: [listindex, traveltimesfortrips_id, traveltimesforstoppaths_id]

08:07:41.964 INFO  thread=main [o.h.t.h.TableMetadata:69] HHH000108: Foreign keys: [fk_hh5uepurijcqj0pyc6e3h5mqw, fk_9j1s8ewsmokqg4m35wrr29na7]

08:07:41.964 INFO  thread=main [o.h.t.h.TableMetadata:70] HHH000126: Indexes: [sys_idx_10283, sys_idx_10285, sys_idx_sys_pk_10242_10243]

08:07:41.977 INFO  thread=main [o.h.t.h.TableMetadata:66] HHH000261: Table found: PUBLIC.PUBLIC.TRAVELTIMESFORTRIPS

08:07:41.977 INFO  thread=main [o.h.t.h.TableMetadata:67] HHH000037: Columns: [traveltimesrev, trippatternid, id, configrev, tripcreatedforid]

08:07:41.977 INFO  thread=main [o.h.t.h.TableMetadata:69] HHH000108: Foreign keys: []

08:07:41.977 INFO  thread=main [o.h.t.h.TableMetadata:70] HHH000126: Indexes: [sys_idx_sys_pk_10244_10245, traveltimesrevindex]

08:07:41.990 INFO  thread=main [o.h.t.h.TableMetadata:66] HHH000261: Table found: PUBLIC.PUBLIC.TRIPPATTERN_TO_PATH_JOINTABLE

08:07:41.990 INFO  thread=main [o.h.t.h.TableMetadata:67] HHH000037: Columns: [listindex, stoppaths_trippatternid, trippatterns_configrev, trippatterns_id, stoppaths_configrev, stoppaths_stoppathid]

08:07:41.990 INFO  thread=main [o.h.t.h.TableMetadata:69] HHH000108: Foreign keys: [fk_s0gaw8iv60vc17a5ltryqwg27, fk_qsr8l6u1nelb5pt8rlnei08sy]

08:07:41.990 INFO  thread=main [o.h.t.h.TableMetadata:70] HHH000126: Indexes: [sys_idx_sys_pk_10252_10253, sys_idx_10287, sys_idx_10289, sys_idx_uk_s0gaw8iv60vc17a5ltryqwg27_10278]

08:07:42.001 INFO  thread=main [o.h.t.h.TableMetadata:66] HHH000261: Table found: PUBLIC.PUBLIC.TRIPPATTERNS

08:07:42.002 INFO  thread=main [o.h.t.h.TableMetadata:67] HHH000037: Columns: [headsign, minlon, routeid, shapeid, maxlat, directionid, minlat, routeshortname, maxlon, id, configrev]

08:07:42.002 INFO  thread=main [o.h.t.h.TableMetadata:69] HHH000108: Foreign keys: []

08:07:42.002 INFO  thread=main [o.h.t.h.TableMetadata:70] HHH000126: Indexes: [sys_idx_sys_pk_10256_10257]

08:07:42.013 INFO  thread=main [o.h.t.h.TableMetadata:66] HHH000261: Table found: PUBLIC.PUBLIC.TRIPS

08:07:42.013 INFO  thread=main [o.h.t.h.TableMetadata:67] HHH000037: Columns: [exacttimesheadway, scheduledtimeslist, directionid, traveltimes_id, endtime, tripid, starttime, configrev, trippattern_id, blockid, headsign, tripshortname, routeid, shapeid, routeshortname, noschedule, trippattern_configrev, serviceid]

08:07:42.013 INFO  thread=main [o.h.t.h.TableMetadata:69] HHH000108: Foreign keys: [fk_p1er53449kkfsca6mbnxkdyst, fk_676npp7h4bxh8sjcnugnxt5wb]

08:07:42.013 INFO  thread=main [o.h.t.h.TableMetadata:70] HHH000126: Indexes: [sys_idx_10293, sys_idx_sys_pk_10261_10262, sys_idx_10291]

08:07:42.025 INFO  thread=main [o.h.t.h.TableMetadata:66] HHH000261: Table found: PUBLIC.PUBLIC.VEHICLECONFIGS

08:07:42.025 INFO  thread=main [o.h.t.h.TableMetadata:67] HHH000037: Columns: [trackerid, nonpassengervehicle, crushcapacity, description, id, type, capacity]

08:07:42.025 INFO  thread=main [o.h.t.h.TableMetadata:69] HHH000108: Foreign keys: []

08:07:42.025 INFO  thread=main [o.h.t.h.TableMetadata:70] HHH000126: Indexes: [sys_idx_sys_pk_10264_10265]

08:07:42.037 INFO  thread=main [o.h.t.h.TableMetadata:66] HHH000261: Table found: PUBLIC.PUBLIC.VEHICLEEVENTS

08:07:42.037 INFO  thread=main [o.h.t.h.TableMetadata:67] HHH000037: Columns: [avltime, becameunpredictable, description, stopid, lon, tripid, blockid, routeid, predictable, routeshortname, eventtype, vehicleid, time, serviceid, lat, supervisor]

08:07:42.038 INFO  thread=main [o.h.t.h.TableMetadata:69] HHH000108: Foreign keys: []

08:07:42.038 INFO  thread=main [o.h.t.h.TableMetadata:70] HHH000126: Indexes: [vehicleeventstimeindex, sys_idx_sys_pk_10269_10270]

08:07:42.052 INFO  thread=main [o.h.t.h.TableMetadata:66] HHH000261: Table found: PUBLIC.PUBLIC.VEHICLESTATES

08:07:42.052 INFO  thread=main [o.h.t.h.TableMetadata:67] HHH000037: Columns: [avltime, schedadhmsec, schedadh, schedadhwithinbounds, iswaitstop, tripid, blockid, tripshortname, islayover, routeid, routeshortname, isforschedbasedpreds, ispredictable, isdelayed, vehicleid]

08:07:42.052 INFO  thread=main [o.h.t.h.TableMetadata:69] HHH000108: Foreign keys: []

08:07:42.052 INFO  thread=main [o.h.t.h.TableMetadata:70] HHH000126: Indexes: [sys_idx_sys_pk_10273_10274, vehiclestateavltimeindex]

08:07:42.064 INFO  thread=main [o.h.t.h.TableMetadata:66] HHH000261: Table found: PUBLIC.PUBLIC.WEBAGENCIES

08:07:42.064 INFO  thread=main [o.h.t.h.TableMetadata:67] HHH000037: Columns: [hostname, dbname, dbtype, dbusername, active, agencyid, dbhost, dbencryptedpassword]

08:07:42.064 INFO  thread=main [o.h.t.h.TableMetadata:69] HHH000108: Foreign keys: []

08:07:42.064 INFO  thread=main [o.h.t.h.TableMetadata:70] HHH000126: Indexes: [sys_idx_sys_pk_10276_10277]

08:07:42.066 INFO  thread=main [o.h.t.h.SchemaUpdate:267] HHH000232: Schema update complete

08:07:42.093 INFO  thread=main [o.t.g.DbConfig:199] Finished reading configuration data from database . Took 1211 msec.

08:07:42.157 INFO  thread=TimeoutHandlerModule-1 [o.t.c.TimeoutHandlerModule:316] Starting module org.transitime.core.TimeoutHandlerModule for agencyId=02

08:07:42.159 INFO  thread=main [o.t.a.Core:415] Starting up optional modules specified via transitime.modules.optionalModulesList param:

08:07:42.159 INFO  thread=main [o.t.a.Core:420] Starting up optional module transitime.core.schedBasedPreds.SchedBasedPredsModule

08:07:42.163 ERROR thread=main [o.t.m.Module:120] Could not run module transitime.core.schedBasedPreds.SchedBasedPredsModule
java.lang.ClassNotFoundException: transitime.core.schedBasedPreds.SchedBasedPredsModule
	at java.net.URLClassLoader.findClass(URLClassLoader.java:381) ~[na:1.8.0_73]
	at java.lang.ClassLoader.loadClass(ClassLoader.java:424) ~[na:1.8.0_73]
	at sun.misc.Launcher$AppClassLoader.loadClass(Launcher.java:331) ~[na:1.8.0_73]
	at java.lang.ClassLoader.loadClass(ClassLoader.java:357) ~[na:1.8.0_73]
	at java.lang.Class.forName0(Native Method) ~[na:1.8.0_73]
	at java.lang.Class.forName(Class.java:264) ~[na:1.8.0_73]
	at org.transitime.modules.Module.start(Module.java:111) [classes/:na]
	at org.transitime.modules.Module.start(Module.java:94) [classes/:na]
	at org.transitime.applications.Core.main(Core.java:421) [classes/:na]

08:07:42.163 INFO  thread=main [o.t.a.Core:420] Starting up optional module org.transitime.avl.GtfsRealtimeModule

08:07:42.369 INFO  thread=main [o.t.i.r.AbstractServer:135] Setting up AbstractServer for RMI using secondary port=2098

08:07:42.694 INFO  thread=main [o.t.i.r.AbstractServer:135] Setting up AbstractServer for RMI using secondary port=2098

08:07:42.725 INFO  thread=main [o.t.i.r.AbstractServer:135] Setting up AbstractServer for RMI using secondary port=2098

08:07:42.826 INFO  thread=main [o.t.i.r.AbstractServer:135] Setting up AbstractServer for RMI using secondary port=2098

08:07:42.846 INFO  thread=main [o.t.i.r.AbstractServer:135] Setting up AbstractServer for RMI using secondary port=2098

08:08:28.708 INFO  thread=main [o.h.a.c.Version:66] HCANN000001: Hibernate Commons Annotations {4.0.5.Final}

08:08:28.716 INFO  thread=main [o.h.Version:54] HHH000412: Hibernate Core {4.3.9.Final}

08:08:28.718 INFO  thread=main [o.h.c.Environment:239] HHH000206: hibernate.properties not found

08:08:28.719 INFO  thread=main [o.h.c.Environment:346] HHH000021: Bytecode provider name : javassist

08:08:28.738 INFO  thread=main [o.t.d.h.HibernateUtils:84] Configuring Hibernate for dbName=02 using config file=hsql_hibernate.cfg.xml

08:08:28.739 INFO  thread=main [o.t.d.h.HibernateUtils:88] The Hibernate file hsql_hibernate.cfg.xml doesn't exist as a regular file so seeing if it is in classpath.

08:08:28.739 INFO  thread=main [o.h.c.Configuration:2133] HHH000042: Configuring from file: hsql_hibernate.cfg.xml

08:08:28.785 INFO  thread=main [o.h.c.Configuration:759] HHH000221: Reading mappings from resource: named_queries.hbm.xml

08:08:29.353 INFO  thread=main [o.h.c.Configuration:2216] HHH000041: Configured SessionFactory: null

08:08:29.373 INFO  thread=main [o.t.d.h.HibernateUtils:142] For Hibernate factory project dbName=02 using url=jdbc:hsqldb:mem://localhost/xdb username=SA, and configured password

08:08:29.450 WARN  thread=main [o.h.e.j.c.i.DriverManagerConnectionProviderImpl:93] HHH000402: Using Hibernate built-in connection pool (not for production use!)

08:08:29.461 INFO  thread=main [o.h.e.j.c.i.DriverManagerConnectionProviderImpl:166] HHH000401: using driver [org.hsqldb.jdbc.JDBCDriver] at URL [jdbc:hsqldb:mem://localhost/xdb]

08:08:29.461 INFO  thread=main [o.h.e.j.c.i.DriverManagerConnectionProviderImpl:175] HHH000046: Connection properties: {user=SA, password=****, autocommit=true}

08:08:29.461 INFO  thread=main [o.h.e.j.c.i.DriverManagerConnectionProviderImpl:180] HHH000006: Autocommit mode: true

08:08:29.463 INFO  thread=main [o.h.e.j.c.i.DriverManagerConnectionProviderImpl:102] HHH000115: Hibernate connection pool size: 20 (min=1)

08:08:29.756 INFO  thread=main [o.h.d.Dialect:145] HHH000400: Using dialect: org.hibernate.dialect.HSQLDialect

08:08:30.089 INFO  thread=main [o.h.e.t.i.TransactionFactoryInitiator:62] HHH000399: Using default transaction strategy (direct JDBC transactions)

08:08:30.093 INFO  thread=main [o.h.h.i.a.ASTQueryTranslatorFactory:47] HHH000397: Using ASTQueryTranslatorFactory

08:08:31.152 INFO  thread=main [o.h.t.h.SchemaUpdate:207] HHH000228: Running hbm2ddl schema update

08:08:31.152 INFO  thread=main [o.h.t.h.SchemaUpdate:218] HHH000102: Fetching database metadata

08:08:31.154 INFO  thread=main [o.h.t.h.SchemaUpdate:230] HHH000396: Updating schema

08:08:31.166 INFO  thread=main [j.s.DatabaseMetaData:147] HHH000262: Table not found: ActiveRevisions

08:08:31.170 INFO  thread=main [j.s.DatabaseMetaData:147] HHH000262: Table not found: Agencies

08:08:31.172 INFO  thread=main [j.s.DatabaseMetaData:147] HHH000262: Table not found: ApiKeys

08:08:31.174 INFO  thread=main [j.s.DatabaseMetaData:147] HHH000262: Table not found: ArrivalsDepartures

08:08:31.177 INFO  thread=main [j.s.DatabaseMetaData:147] HHH000262: Table not found: AvlReports

08:08:31.182 INFO  thread=main [j.s.DatabaseMetaData:147] HHH000262: Table not found: Block_to_Trip_joinTable

08:08:31.185 INFO  thread=main [j.s.DatabaseMetaData:147] HHH000262: Table not found: Blocks

08:08:31.188 INFO  thread=main [j.s.DatabaseMetaData:147] HHH000262: Table not found: CalendarDates

08:08:31.189 INFO  thread=main [j.s.DatabaseMetaData:147] HHH000262: Table not found: Calendars

08:08:31.191 INFO  thread=main [j.s.DatabaseMetaData:147] HHH000262: Table not found: ConfigRevision

08:08:31.193 INFO  thread=main [j.s.DatabaseMetaData:147] HHH000262: Table not found: DbTest

08:08:31.194 INFO  thread=main [j.s.DatabaseMetaData:147] HHH000262: Table not found: FareAttributes

08:08:31.196 INFO  thread=main [j.s.DatabaseMetaData:147] HHH000262: Table not found: FareRules

08:08:31.197 INFO  thread=main [j.s.DatabaseMetaData:147] HHH000262: Table not found: Frequencies

08:08:31.198 INFO  thread=main [j.s.DatabaseMetaData:147] HHH000262: Table not found: Matches

08:08:31.200 INFO  thread=main [j.s.DatabaseMetaData:147] HHH000262: Table not found: MeasuredArrivalTimes

08:08:31.201 INFO  thread=main [j.s.DatabaseMetaData:147] HHH000262: Table not found: MonitoringEvents

08:08:31.203 INFO  thread=main [j.s.DatabaseMetaData:147] HHH000262: Table not found: PredictionAccuracy

08:08:31.204 INFO  thread=main [j.s.DatabaseMetaData:147] HHH000262: Table not found: Predictions

08:08:31.206 INFO  thread=main [j.s.DatabaseMetaData:147] HHH000262: Table not found: Routes

08:08:31.207 INFO  thread=main [j.s.DatabaseMetaData:147] HHH000262: Table not found: StopPaths

08:08:31.209 INFO  thread=main [j.s.DatabaseMetaData:147] HHH000262: Table not found: Stops

08:08:31.210 INFO  thread=main [j.s.DatabaseMetaData:147] HHH000262: Table not found: Transfers

08:08:31.212 INFO  thread=main [j.s.DatabaseMetaData:147] HHH000262: Table not found: TravelTimesForStopPaths

08:08:31.214 INFO  thread=main [j.s.DatabaseMetaData:147] HHH000262: Table not found: TravelTimesForTrip_to_TravelTimesForPath_joinTable

08:08:31.216 INFO  thread=main [j.s.DatabaseMetaData:147] HHH000262: Table not found: TravelTimesForTrips

08:08:31.217 INFO  thread=main [j.s.DatabaseMetaData:147] HHH000262: Table not found: TripPattern_to_Path_joinTable

08:08:31.219 INFO  thread=main [j.s.DatabaseMetaData:147] HHH000262: Table not found: TripPatterns

08:08:31.220 INFO  thread=main [j.s.DatabaseMetaData:147] HHH000262: Table not found: Trips

08:08:31.222 INFO  thread=main [j.s.DatabaseMetaData:147] HHH000262: Table not found: VehicleConfigs

08:08:31.224 INFO  thread=main [j.s.DatabaseMetaData:147] HHH000262: Table not found: VehicleEvents

08:08:31.225 INFO  thread=main [j.s.DatabaseMetaData:147] HHH000262: Table not found: VehicleStates

08:08:31.227 INFO  thread=main [j.s.DatabaseMetaData:147] HHH000262: Table not found: WebAgencies

08:08:31.228 INFO  thread=main [j.s.DatabaseMetaData:147] HHH000262: Table not found: ActiveRevisions

08:08:31.230 INFO  thread=main [j.s.DatabaseMetaData:147] HHH000262: Table not found: Agencies

08:08:31.231 INFO  thread=main [j.s.DatabaseMetaData:147] HHH000262: Table not found: ApiKeys

08:08:31.232 INFO  thread=main [j.s.DatabaseMetaData:147] HHH000262: Table not found: ArrivalsDepartures

08:08:31.233 INFO  thread=main [j.s.DatabaseMetaData:147] HHH000262: Table not found: AvlReports

08:08:31.235 INFO  thread=main [j.s.DatabaseMetaData:147] HHH000262: Table not found: Block_to_Trip_joinTable

08:08:31.236 INFO  thread=main [j.s.DatabaseMetaData:147] HHH000262: Table not found: Blocks

08:08:31.237 INFO  thread=main [j.s.DatabaseMetaData:147] HHH000262: Table not found: CalendarDates

08:08:31.239 INFO  thread=main [j.s.DatabaseMetaData:147] HHH000262: Table not found: Calendars

08:08:31.240 INFO  thread=main [j.s.DatabaseMetaData:147] HHH000262: Table not found: ConfigRevision

08:08:31.241 INFO  thread=main [j.s.DatabaseMetaData:147] HHH000262: Table not found: DbTest

08:08:31.243 INFO  thread=main [j.s.DatabaseMetaData:147] HHH000262: Table not found: FareAttributes

08:08:31.244 INFO  thread=main [j.s.DatabaseMetaData:147] HHH000262: Table not found: FareRules

08:08:31.246 INFO  thread=main [j.s.DatabaseMetaData:147] HHH000262: Table not found: Frequencies

08:08:31.248 INFO  thread=main [j.s.DatabaseMetaData:147] HHH000262: Table not found: Matches

08:08:31.250 INFO  thread=main [j.s.DatabaseMetaData:147] HHH000262: Table not found: MeasuredArrivalTimes

08:08:31.251 INFO  thread=main [j.s.DatabaseMetaData:147] HHH000262: Table not found: MonitoringEvents

08:08:31.253 INFO  thread=main [j.s.DatabaseMetaData:147] HHH000262: Table not found: PredictionAccuracy

08:08:31.254 INFO  thread=main [j.s.DatabaseMetaData:147] HHH000262: Table not found: Predictions

08:08:31.256 INFO  thread=main [j.s.DatabaseMetaData:147] HHH000262: Table not found: Routes

08:08:31.257 INFO  thread=main [j.s.DatabaseMetaData:147] HHH000262: Table not found: StopPaths

08:08:31.259 INFO  thread=main [j.s.DatabaseMetaData:147] HHH000262: Table not found: Stops

08:08:31.260 INFO  thread=main [j.s.DatabaseMetaData:147] HHH000262: Table not found: Transfers

08:08:31.261 INFO  thread=main [j.s.DatabaseMetaData:147] HHH000262: Table not found: TravelTimesForStopPaths

08:08:31.263 INFO  thread=main [j.s.DatabaseMetaData:147] HHH000262: Table not found: TravelTimesForTrip_to_TravelTimesForPath_joinTable

08:08:31.265 INFO  thread=main [j.s.DatabaseMetaData:147] HHH000262: Table not found: TravelTimesForTrips

08:08:31.267 INFO  thread=main [j.s.DatabaseMetaData:147] HHH000262: Table not found: TripPattern_to_Path_joinTable

08:08:31.268 INFO  thread=main [j.s.DatabaseMetaData:147] HHH000262: Table not found: TripPatterns

08:08:31.270 INFO  thread=main [j.s.DatabaseMetaData:147] HHH000262: Table not found: Trips

08:08:31.271 INFO  thread=main [j.s.DatabaseMetaData:147] HHH000262: Table not found: VehicleConfigs

08:08:31.273 INFO  thread=main [j.s.DatabaseMetaData:147] HHH000262: Table not found: VehicleEvents

08:08:31.274 INFO  thread=main [j.s.DatabaseMetaData:147] HHH000262: Table not found: VehicleStates

08:08:31.276 INFO  thread=main [j.s.DatabaseMetaData:147] HHH000262: Table not found: WebAgencies

08:08:31.277 INFO  thread=main [j.s.DatabaseMetaData:147] HHH000262: Table not found: ActiveRevisions

08:08:31.279 INFO  thread=main [j.s.DatabaseMetaData:147] HHH000262: Table not found: Agencies

08:08:31.280 INFO  thread=main [j.s.DatabaseMetaData:147] HHH000262: Table not found: ApiKeys

08:08:31.281 INFO  thread=main [j.s.DatabaseMetaData:147] HHH000262: Table not found: ArrivalsDepartures

08:08:31.283 INFO  thread=main [j.s.DatabaseMetaData:147] HHH000262: Table not found: AvlReports

08:08:31.284 INFO  thread=main [j.s.DatabaseMetaData:147] HHH000262: Table not found: Block_to_Trip_joinTable

08:08:31.286 INFO  thread=main [j.s.DatabaseMetaData:147] HHH000262: Table not found: Blocks

08:08:31.287 INFO  thread=main [j.s.DatabaseMetaData:147] HHH000262: Table not found: CalendarDates

08:08:31.288 INFO  thread=main [j.s.DatabaseMetaData:147] HHH000262: Table not found: Calendars

08:08:31.290 INFO  thread=main [j.s.DatabaseMetaData:147] HHH000262: Table not found: ConfigRevision

08:08:31.291 INFO  thread=main [j.s.DatabaseMetaData:147] HHH000262: Table not found: DbTest

08:08:31.293 INFO  thread=main [j.s.DatabaseMetaData:147] HHH000262: Table not found: FareAttributes

08:08:31.294 INFO  thread=main [j.s.DatabaseMetaData:147] HHH000262: Table not found: FareRules

08:08:31.295 INFO  thread=main [j.s.DatabaseMetaData:147] HHH000262: Table not found: Frequencies

08:08:31.297 INFO  thread=main [j.s.DatabaseMetaData:147] HHH000262: Table not found: Matches

08:08:31.298 INFO  thread=main [j.s.DatabaseMetaData:147] HHH000262: Table not found: MeasuredArrivalTimes

08:08:31.299 INFO  thread=main [j.s.DatabaseMetaData:147] HHH000262: Table not found: MonitoringEvents

08:08:31.300 INFO  thread=main [j.s.DatabaseMetaData:147] HHH000262: Table not found: PredictionAccuracy

08:08:31.302 INFO  thread=main [j.s.DatabaseMetaData:147] HHH000262: Table not found: Predictions

08:08:31.303 INFO  thread=main [j.s.DatabaseMetaData:147] HHH000262: Table not found: Routes

08:08:31.305 INFO  thread=main [j.s.DatabaseMetaData:147] HHH000262: Table not found: StopPaths

08:08:31.306 INFO  thread=main [j.s.DatabaseMetaData:147] HHH000262: Table not found: Stops

08:08:31.308 INFO  thread=main [j.s.DatabaseMetaData:147] HHH000262: Table not found: Transfers

08:08:31.309 INFO  thread=main [j.s.DatabaseMetaData:147] HHH000262: Table not found: TravelTimesForStopPaths

08:08:31.310 INFO  thread=main [j.s.DatabaseMetaData:147] HHH000262: Table not found: TravelTimesForTrip_to_TravelTimesForPath_joinTable

08:08:31.312 INFO  thread=main [j.s.DatabaseMetaData:147] HHH000262: Table not found: TravelTimesForTrips

08:08:31.313 INFO  thread=main [j.s.DatabaseMetaData:147] HHH000262: Table not found: TripPattern_to_Path_joinTable

08:08:31.314 INFO  thread=main [j.s.DatabaseMetaData:147] HHH000262: Table not found: TripPatterns

08:08:31.316 INFO  thread=main [j.s.DatabaseMetaData:147] HHH000262: Table not found: Trips

08:08:31.317 INFO  thread=main [j.s.DatabaseMetaData:147] HHH000262: Table not found: VehicleConfigs

08:08:31.318 INFO  thread=main [j.s.DatabaseMetaData:147] HHH000262: Table not found: VehicleEvents

08:08:31.319 INFO  thread=main [j.s.DatabaseMetaData:147] HHH000262: Table not found: VehicleStates

08:08:31.321 INFO  thread=main [j.s.DatabaseMetaData:147] HHH000262: Table not found: WebAgencies

08:08:31.352 INFO  thread=main [o.h.t.h.SchemaUpdate:267] HHH000232: Schema update complete

08:08:31.572 ERROR thread=main [o.t.a.Core:119] ActiveRevisions in database is not valid. The configuration revs must be set to proper values. ActiveRevisions [configRev=-1, travelTimesRev=-1]

08:08:31.584 INFO  thread=main [o.t.g.DbConfig:174] Reading configuration database for configRev=-1...

08:08:31.584 INFO  thread=main [o.t.d.h.HibernateUtils:84] Configuring Hibernate for dbName=02 using config file=hsql_hibernate.cfg.xml

08:08:31.585 INFO  thread=main [o.t.d.h.HibernateUtils:88] The Hibernate file hsql_hibernate.cfg.xml doesn't exist as a regular file so seeing if it is in classpath.

08:08:31.585 INFO  thread=main [o.h.c.Configuration:2133] HHH000042: Configuring from file: hsql_hibernate.cfg.xml

08:08:31.589 INFO  thread=main [o.h.c.Configuration:759] HHH000221: Reading mappings from resource: named_queries.hbm.xml

08:08:31.859 INFO  thread=main [o.h.c.Configuration:2216] HHH000041: Configured SessionFactory: null

08:08:31.860 INFO  thread=main [o.t.d.h.HibernateUtils:142] For Hibernate factory project dbName=02 using url=jdbc:hsqldb:mem://localhost/xdb username=SA, and configured password

08:08:31.864 WARN  thread=main [o.h.e.j.c.i.DriverManagerConnectionProviderImpl:93] HHH000402: Using Hibernate built-in connection pool (not for production use!)

08:08:31.865 INFO  thread=main [o.h.e.j.c.i.DriverManagerConnectionProviderImpl:166] HHH000401: using driver [org.hsqldb.jdbc.JDBCDriver] at URL [jdbc:hsqldb:mem://localhost/xdb]

08:08:31.865 INFO  thread=main [o.h.e.j.c.i.DriverManagerConnectionProviderImpl:175] HHH000046: Connection properties: {user=SA, password=****, autocommit=true}

08:08:31.865 INFO  thread=main [o.h.e.j.c.i.DriverManagerConnectionProviderImpl:180] HHH000006: Autocommit mode: true

08:08:31.865 INFO  thread=main [o.h.e.j.c.i.DriverManagerConnectionProviderImpl:102] HHH000115: Hibernate connection pool size: 20 (min=1)

08:08:31.868 INFO  thread=main [o.h.d.Dialect:145] HHH000400: Using dialect: org.hibernate.dialect.HSQLDialect

08:08:31.919 INFO  thread=main [o.h.e.t.i.TransactionFactoryInitiator:62] HHH000399: Using default transaction strategy (direct JDBC transactions)

08:08:31.920 INFO  thread=main [o.h.h.i.a.ASTQueryTranslatorFactory:47] HHH000397: Using ASTQueryTranslatorFactory

08:08:32.290 INFO  thread=main [o.h.t.h.SchemaUpdate:207] HHH000228: Running hbm2ddl schema update

08:08:32.291 INFO  thread=main [o.h.t.h.SchemaUpdate:218] HHH000102: Fetching database metadata

08:08:32.291 INFO  thread=main [o.h.t.h.SchemaUpdate:230] HHH000396: Updating schema

08:08:32.310 INFO  thread=main [o.h.t.h.TableMetadata:66] HHH000261: Table found: PUBLIC.PUBLIC.ACTIVEREVISIONS

08:08:32.310 INFO  thread=main [o.h.t.h.TableMetadata:67] HHH000037: Columns: [traveltimesrev, id, configrev]

08:08:32.311 INFO  thread=main [o.h.t.h.TableMetadata:69] HHH000108: Foreign keys: []

08:08:32.311 INFO  thread=main [o.h.t.h.TableMetadata:70] HHH000126: Indexes: [sys_idx_sys_pk_10126_10127]

08:08:32.323 INFO  thread=main [o.h.t.h.TableMetadata:66] HHH000261: Table found: PUBLIC.PUBLIC.AGENCIES

08:08:32.324 INFO  thread=main [o.h.t.h.TableMetadata:67] HHH000037: Columns: [minlon, agencytimezone, maxlat, minlat, agencyurl, maxlon, agencyfareurl, agencyid, agencyphone, configrev, agencyname, agencylang]

08:08:32.324 INFO  thread=main [o.h.t.h.TableMetadata:69] HHH000108: Foreign keys: []

08:08:32.324 INFO  thread=main [o.h.t.h.TableMetadata:70] HHH000126: Indexes: [sys_idx_sys_pk_10130_10131]

08:08:32.336 INFO  thread=main [o.h.t.h.TableMetadata:66] HHH000261: Table found: PUBLIC.PUBLIC.APIKEYS

08:08:32.336 INFO  thread=main [o.h.t.h.TableMetadata:67] HHH000037: Columns: [phone, applicationkey, applicationurl, description, email, applicationname]

08:08:32.336 INFO  thread=main [o.h.t.h.TableMetadata:69] HHH000108: Foreign keys: []

08:08:32.336 INFO  thread=main [o.h.t.h.TableMetadata:70] HHH000126: Indexes: [sys_idx_sys_pk_10133_10134]

08:08:32.349 INFO  thread=main [o.h.t.h.TableMetadata:66] HHH000261: Table found: PUBLIC.PUBLIC.ARRIVALSDEPARTURES

08:08:32.349 INFO  thread=main [o.h.t.h.TableMetadata:67] HHH000037: Columns: [avltime, gtfsstopseq, stoppathindex, directionid, stoporder, dtype, stopid, tripid, configrev, stoppathlength, blockid, routeid, routeshortname, isarrival, vehicleid, time, serviceid, scheduledtime, tripindex]

08:08:32.349 INFO  thread=main [o.h.t.h.TableMetadata:69] HHH000108: Foreign keys: []

08:08:32.350 INFO  thread=main [o.h.t.h.TableMetadata:70] HHH000126: Indexes: [arrivalsdeparturestimeindex, sys_idx_sys_pk_10142_10143, arrivalsdeparturesroutetimeindex]

08:08:32.361 INFO  thread=main [o.h.t.h.TableMetadata:66] HHH000261: Table found: PUBLIC.PUBLIC.AVLREPORTS

08:08:32.362 INFO  thread=main [o.h.t.h.TableMetadata:67] HHH000037: Columns: [passengercount, heading, passengerfullness, lon, source, field1value, assignmentid, speed, assignmenttype, driverid, field1name, timeprocessed, vehicleid, time, licenseplate, lat]

08:08:32.362 INFO  thread=main [o.h.t.h.TableMetadata:69] HHH000108: Foreign keys: []

08:08:32.362 INFO  thread=main [o.h.t.h.TableMetadata:70] HHH000126: Indexes: [avlreportstimeindex, sys_idx_sys_pk_10146_10147]

08:08:32.375 INFO  thread=main [o.h.t.h.TableMetadata:66] HHH000261: Table found: PUBLIC.PUBLIC.BLOCK_TO_TRIP_JOINTABLE

08:08:32.376 INFO  thread=main [o.h.t.h.TableMetadata:67] HHH000037: Columns: [blocks_configrev, trips_configrev, listindex, blocks_blockid, trips_tripid, trips_starttime, blocks_serviceid]

08:08:32.376 INFO  thread=main [o.h.t.h.TableMetadata:69] HHH000108: Foreign keys: [fk_1c1e1twdap19vq0xkav0amvm, fk_abaj8ke6oh4imbbgnaercsowo]

08:08:32.376 INFO  thread=main [o.h.t.h.TableMetadata:70] HHH000126: Indexes: [sys_idx_10281, sys_idx_sys_pk_10155_10156, sys_idx_10279]

08:08:32.388 INFO  thread=main [o.h.t.h.TableMetadata:66] HHH000261: Table found: PUBLIC.PUBLIC.BLOCKS

08:08:32.388 INFO  thread=main [o.h.t.h.TableMetadata:67] HHH000037: Columns: [blockid, endtime, starttime, serviceid, configrev, routeids]

08:08:32.389 INFO  thread=main [o.h.t.h.TableMetadata:69] HHH000108: Foreign keys: []

08:08:32.389 INFO  thread=main [o.h.t.h.TableMetadata:70] HHH000126: Indexes: [sys_idx_sys_pk_10160_10161]

08:08:32.400 INFO  thread=main [o.h.t.h.TableMetadata:66] HHH000261: Table found: PUBLIC.PUBLIC.CALENDARDATES

08:08:32.401 INFO  thread=main [o.h.t.h.TableMetadata:67] HHH000037: Columns: [date, serviceid, configrev, exceptiontype]

08:08:32.401 INFO  thread=main [o.h.t.h.TableMetadata:69] HHH000108: Foreign keys: []

08:08:32.401 INFO  thread=main [o.h.t.h.TableMetadata:70] HHH000126: Indexes: [sys_idx_sys_pk_10165_10166]

08:08:32.413 INFO  thread=main [o.h.t.h.TableMetadata:66] HHH000261: Table found: PUBLIC.PUBLIC.CALENDARS

08:08:32.413 INFO  thread=main [o.h.t.h.TableMetadata:67] HHH000037: Columns: [sunday, saturday, tuesday, enddate, wednesday, thursday, friday, startdate, serviceid, configrev, monday]

08:08:32.413 INFO  thread=main [o.h.t.h.TableMetadata:69] HHH000108: Foreign keys: []

08:08:32.413 INFO  thread=main [o.h.t.h.TableMetadata:70] HHH000126: Indexes: [sys_idx_sys_pk_10178_10179]

08:08:32.425 INFO  thread=main [o.h.t.h.TableMetadata:66] HHH000261: Table found: PUBLIC.PUBLIC.CONFIGREVISION

08:08:32.425 INFO  thread=main [o.h.t.h.TableMetadata:67] HHH000037: Columns: [zipfilelastmodifiedtime, notes, processedtime, configrev]

08:08:32.425 INFO  thread=main [o.h.t.h.TableMetadata:69] HHH000108: Foreign keys: []

08:08:32.425 INFO  thread=main [o.h.t.h.TableMetadata:70] HHH000126: Indexes: [sys_idx_sys_pk_10181_10182]

08:08:32.436 INFO  thread=main [o.h.t.h.TableMetadata:66] HHH000261: Table found: PUBLIC.PUBLIC.DBTEST

08:08:32.436 INFO  thread=main [o.h.t.h.TableMetadata:67] HHH000037: Columns: [id]

08:08:32.436 INFO  thread=main [o.h.t.h.TableMetadata:69] HHH000108: Foreign keys: []

08:08:32.436 INFO  thread=main [o.h.t.h.TableMetadata:70] HHH000126: Indexes: [sys_idx_sys_pk_10184_10185]

08:08:32.448 INFO  thread=main [o.h.t.h.TableMetadata:66] HHH000261: Table found: PUBLIC.PUBLIC.FAREATTRIBUTES

08:08:32.448 INFO  thread=main [o.h.t.h.TableMetadata:67] HHH000037: Columns: [currencytype, fareid, price, transfers, transferduration, configrev, paymentmethod]

08:08:32.448 INFO  thread=main [o.h.t.h.TableMetadata:69] HHH000108: Foreign keys: []

08:08:32.448 INFO  thread=main [o.h.t.h.TableMetadata:70] HHH000126: Indexes: [sys_idx_sys_pk_10188_10189]

08:08:32.460 INFO  thread=main [o.h.t.h.TableMetadata:66] HHH000261: Table found: PUBLIC.PUBLIC.FARERULES

08:08:32.461 INFO  thread=main [o.h.t.h.TableMetadata:67] HHH000037: Columns: [containsid, routeid, originid, fareid, destinationid, configrev]

08:08:32.461 INFO  thread=main [o.h.t.h.TableMetadata:69] HHH000108: Foreign keys: []

08:08:32.461 INFO  thread=main [o.h.t.h.TableMetadata:70] HHH000126: Indexes: [sys_idx_sys_pk_10196_10197]

08:08:32.474 INFO  thread=main [o.h.t.h.TableMetadata:66] HHH000261: Table found: PUBLIC.PUBLIC.FREQUENCIES

08:08:32.474 INFO  thread=main [o.h.t.h.TableMetadata:67] HHH000037: Columns: [headwaysecs, endtime, exacttimes, tripid, starttime, configrev]

08:08:32.474 INFO  thread=main [o.h.t.h.TableMetadata:69] HHH000108: Foreign keys: []

08:08:32.474 INFO  thread=main [o.h.t.h.TableMetadata:70] HHH000126: Indexes: [sys_idx_sys_pk_10201_10202]

08:08:32.487 INFO  thread=main [o.h.t.h.TableMetadata:66] HHH000261: Table found: PUBLIC.PUBLIC.MATCHES

08:08:32.487 INFO  thread=main [o.h.t.h.TableMetadata:67] HHH000037: Columns: [blockid, avltime, stoppathindex, segmentindex, tripid, vehicleid, atstop, distancealongstoppath, configrev, serviceid, distancealongsegment]

08:08:32.488 INFO  thread=main [o.h.t.h.TableMetadata:69] HHH000108: Foreign keys: []

08:08:32.488 INFO  thread=main [o.h.t.h.TableMetadata:70] HHH000126: Indexes: [avltimeindex, sys_idx_sys_pk_10205_10206]

08:08:32.501 INFO  thread=main [o.h.t.h.TableMetadata:66] HHH000261: Table found: PUBLIC.PUBLIC.MEASUREDARRIVALTIMES

08:08:32.501 INFO  thread=main [o.h.t.h.TableMetadata:67] HHH000037: Columns: [headsign, routeid, directionid, routeshortname, stopid, time]

08:08:32.501 INFO  thread=main [o.h.t.h.TableMetadata:69] HHH000108: Foreign keys: []

08:08:32.501 INFO  thread=main [o.h.t.h.TableMetadata:70] HHH000126: Indexes: [sys_idx_sys_pk_10209_10210, measuredarrivaltimesindex]

08:08:32.517 INFO  thread=main [o.h.t.h.TableMetadata:66] HHH000261: Table found: PUBLIC.PUBLIC.MONITORINGEVENTS

08:08:32.517 INFO  thread=main [o.h.t.h.TableMetadata:67] HHH000037: Columns: [triggered, time, type, message, value]

08:08:32.517 INFO  thread=main [o.h.t.h.TableMetadata:69] HHH000108: Foreign keys: []

08:08:32.518 INFO  thread=main [o.h.t.h.TableMetadata:70] HHH000126: Indexes: [monitoringeventstimeindex, sys_idx_sys_pk_10213_10214]

08:08:32.533 INFO  thread=main [o.h.t.h.TableMetadata:66] HHH000261: Table found: PUBLIC.PUBLIC.PREDICTIONACCURACY

08:08:32.533 INFO  thread=main [o.h.t.h.TableMetadata:67] HHH000037: Columns: [directionid, predictedtime, stopid, tripid, predictionreadtime, routeid, predictionsource, routeshortname, affectedbywaitstop, id, vehicleid, arrivaldeparturetime, predictionaccuracymsecs]

08:08:32.533 INFO  thread=main [o.h.t.h.TableMetadata:69] HHH000108: Foreign keys: []

08:08:32.533 INFO  thread=main [o.h.t.h.TableMetadata:70] HHH000126: Indexes: [sys_idx_sys_pk_10215_10216, predictionaccuracytimeindex]

08:08:32.546 INFO  thread=main [o.h.t.h.TableMetadata:66] HHH000261: Table found: PUBLIC.PUBLIC.PREDICTIONS

08:08:32.547 INFO  thread=main [o.h.t.h.TableMetadata:67] HHH000037: Columns: [routeid, avltime, predictiontime, stopid, affectedbywaitstop, isarrival, tripid, id, creationtime, vehicleid, configrev, schedbasedpred]

08:08:32.547 INFO  thread=main [o.h.t.h.TableMetadata:69] HHH000108: Foreign keys: []

08:08:32.547 INFO  thread=main [o.h.t.h.TableMetadata:70] HHH000126: Indexes: [predictiontimeindex, sys_idx_sys_pk_10217_10218]

08:08:32.559 INFO  thread=main [o.h.t.h.TableMetadata:66] HHH000261: Table found: PUBLIC.PUBLIC.ROUTES

08:08:32.560 INFO  thread=main [o.h.t.h.TableMetadata:67] HHH000037: Columns: [maxdistance, longname, minlon, routeorder, color, hidden, maxlon, textcolor, description, configrev, type, shortname, maxlat, minlat, name, id]

08:08:32.560 INFO  thread=main [o.h.t.h.TableMetadata:69] HHH000108: Foreign keys: []

08:08:32.560 INFO  thread=main [o.h.t.h.TableMetadata:70] HHH000126: Indexes: [sys_idx_sys_pk_10221_10222]

08:08:32.744 INFO  thread=main [o.h.t.h.TableMetadata:66] HHH000261: Table found: PUBLIC.PUBLIC.STOPPATHS

08:08:32.744 INFO  thread=main [o.h.t.h.TableMetadata:67] HHH000037: Columns: [breaktime, gtfsstopseq, layoverstop, pathlength, stopid, stoppathid, configrev, scheduleadherencestop, laststopintrip, trippatternid, routeid, locations, waitstop]

08:08:32.744 INFO  thread=main [o.h.t.h.TableMetadata:69] HHH000108: Foreign keys: []

08:08:32.744 INFO  thread=main [o.h.t.h.TableMetadata:70] HHH000126: Indexes: [sys_idx_sys_pk_10226_10227]

08:08:32.756 INFO  thread=main [o.h.t.h.TableMetadata:66] HHH000261: Table found: PUBLIC.PUBLIC.STOPS

08:08:32.756 INFO  thread=main [o.h.t.h.TableMetadata:67] HHH000037: Columns: [timepointstop, code, hidden, layoverstop, name, lon, waitstop, id, configrev, lat]

08:08:32.756 INFO  thread=main [o.h.t.h.TableMetadata:69] HHH000108: Foreign keys: []

08:08:32.757 INFO  thread=main [o.h.t.h.TableMetadata:70] HHH000126: Indexes: [sys_idx_sys_pk_10230_10231]

08:08:32.769 INFO  thread=main [o.h.t.h.TableMetadata:66] HHH000261: Table found: PUBLIC.PUBLIC.TRANSFERS

08:08:32.769 INFO  thread=main [o.h.t.h.TableMetadata:67] HHH000037: Columns: [mintransfertime, tostopid, configrev, fromstopid, transfertype]

08:08:32.769 INFO  thread=main [o.h.t.h.TableMetadata:69] HHH000108: Foreign keys: []

08:08:32.769 INFO  thread=main [o.h.t.h.TableMetadata:70] HHH000126: Indexes: [sys_idx_sys_pk_10235_10236]

08:08:32.781 INFO  thread=main [o.h.t.h.TableMetadata:66] HHH000261: Table found: PUBLIC.PUBLIC.TRAVELTIMESFORSTOPPATHS

08:08:32.781 INFO  thread=main [o.h.t.h.TableMetadata:67] HHH000037: Columns: [traveltimesrev, stoptimemsec, traveltimesmsec, daysofweekoverride, stoppathid, id, configrev, traveltimesegmentlength, howset]

08:08:32.781 INFO  thread=main [o.h.t.h.TableMetadata:69] HHH000108: Foreign keys: []

08:08:32.781 INFO  thread=main [o.h.t.h.TableMetadata:70] HHH000126: Indexes: [sys_idx_sys_pk_10237_10238]

08:08:32.793 INFO  thread=main [o.h.t.h.TableMetadata:66] HHH000261: Table found: PUBLIC.PUBLIC.TRAVELTIMESFORTRIP_TO_TRAVELTIMESFORPATH_JOINTABLE

08:08:32.793 INFO  thread=main [o.h.t.h.TableMetadata:67] HHH000037: Columns: [listindex, traveltimesfortrips_id, traveltimesforstoppaths_id]

08:08:32.794 INFO  thread=main [o.h.t.h.TableMetadata:69] HHH000108: Foreign keys: [fk_hh5uepurijcqj0pyc6e3h5mqw, fk_9j1s8ewsmokqg4m35wrr29na7]

08:08:32.794 INFO  thread=main [o.h.t.h.TableMetadata:70] HHH000126: Indexes: [sys_idx_10283, sys_idx_10285, sys_idx_sys_pk_10242_10243]

08:08:32.804 INFO  thread=main [o.h.t.h.TableMetadata:66] HHH000261: Table found: PUBLIC.PUBLIC.TRAVELTIMESFORTRIPS

08:08:32.804 INFO  thread=main [o.h.t.h.TableMetadata:67] HHH000037: Columns: [traveltimesrev, trippatternid, id, configrev, tripcreatedforid]

08:08:32.804 INFO  thread=main [o.h.t.h.TableMetadata:69] HHH000108: Foreign keys: []

08:08:32.804 INFO  thread=main [o.h.t.h.TableMetadata:70] HHH000126: Indexes: [sys_idx_sys_pk_10244_10245, traveltimesrevindex]

08:08:32.816 INFO  thread=main [o.h.t.h.TableMetadata:66] HHH000261: Table found: PUBLIC.PUBLIC.TRIPPATTERN_TO_PATH_JOINTABLE

08:08:32.816 INFO  thread=main [o.h.t.h.TableMetadata:67] HHH000037: Columns: [listindex, stoppaths_trippatternid, trippatterns_configrev, trippatterns_id, stoppaths_configrev, stoppaths_stoppathid]

08:08:32.816 INFO  thread=main [o.h.t.h.TableMetadata:69] HHH000108: Foreign keys: [fk_s0gaw8iv60vc17a5ltryqwg27, fk_qsr8l6u1nelb5pt8rlnei08sy]

08:08:32.816 INFO  thread=main [o.h.t.h.TableMetadata:70] HHH000126: Indexes: [sys_idx_sys_pk_10252_10253, sys_idx_10287, sys_idx_10289, sys_idx_uk_s0gaw8iv60vc17a5ltryqwg27_10278]

08:08:32.827 INFO  thread=main [o.h.t.h.TableMetadata:66] HHH000261: Table found: PUBLIC.PUBLIC.TRIPPATTERNS

08:08:32.827 INFO  thread=main [o.h.t.h.TableMetadata:67] HHH000037: Columns: [headsign, minlon, routeid, shapeid, maxlat, directionid, minlat, routeshortname, maxlon, id, configrev]

08:08:32.827 INFO  thread=main [o.h.t.h.TableMetadata:69] HHH000108: Foreign keys: []

08:08:32.827 INFO  thread=main [o.h.t.h.TableMetadata:70] HHH000126: Indexes: [sys_idx_sys_pk_10256_10257]

08:08:32.838 INFO  thread=main [o.h.t.h.TableMetadata:66] HHH000261: Table found: PUBLIC.PUBLIC.TRIPS

08:08:32.839 INFO  thread=main [o.h.t.h.TableMetadata:67] HHH000037: Columns: [exacttimesheadway, scheduledtimeslist, directionid, traveltimes_id, endtime, tripid, starttime, configrev, trippattern_id, blockid, headsign, tripshortname, routeid, shapeid, routeshortname, noschedule, trippattern_configrev, serviceid]

08:08:32.839 INFO  thread=main [o.h.t.h.TableMetadata:69] HHH000108: Foreign keys: [fk_p1er53449kkfsca6mbnxkdyst, fk_676npp7h4bxh8sjcnugnxt5wb]

08:08:32.839 INFO  thread=main [o.h.t.h.TableMetadata:70] HHH000126: Indexes: [sys_idx_10293, sys_idx_sys_pk_10261_10262, sys_idx_10291]

08:08:32.850 INFO  thread=main [o.h.t.h.TableMetadata:66] HHH000261: Table found: PUBLIC.PUBLIC.VEHICLECONFIGS

08:08:32.850 INFO  thread=main [o.h.t.h.TableMetadata:67] HHH000037: Columns: [trackerid, nonpassengervehicle, crushcapacity, description, id, type, capacity]

08:08:32.850 INFO  thread=main [o.h.t.h.TableMetadata:69] HHH000108: Foreign keys: []

08:08:32.851 INFO  thread=main [o.h.t.h.TableMetadata:70] HHH000126: Indexes: [sys_idx_sys_pk_10264_10265]

08:08:32.862 INFO  thread=main [o.h.t.h.TableMetadata:66] HHH000261: Table found: PUBLIC.PUBLIC.VEHICLEEVENTS

08:08:32.862 INFO  thread=main [o.h.t.h.TableMetadata:67] HHH000037: Columns: [avltime, becameunpredictable, description, stopid, lon, tripid, blockid, routeid, predictable, routeshortname, eventtype, vehicleid, time, serviceid, lat, supervisor]

08:08:32.862 INFO  thread=main [o.h.t.h.TableMetadata:69] HHH000108: Foreign keys: []

08:08:32.862 INFO  thread=main [o.h.t.h.TableMetadata:70] HHH000126: Indexes: [vehicleeventstimeindex, sys_idx_sys_pk_10269_10270]

08:08:32.873 INFO  thread=main [o.h.t.h.TableMetadata:66] HHH000261: Table found: PUBLIC.PUBLIC.VEHICLESTATES

08:08:32.874 INFO  thread=main [o.h.t.h.TableMetadata:67] HHH000037: Columns: [avltime, schedadhmsec, schedadh, schedadhwithinbounds, iswaitstop, tripid, blockid, tripshortname, islayover, routeid, routeshortname, isforschedbasedpreds, ispredictable, isdelayed, vehicleid]

08:08:32.874 INFO  thread=main [o.h.t.h.TableMetadata:69] HHH000108: Foreign keys: []

08:08:32.874 INFO  thread=main [o.h.t.h.TableMetadata:70] HHH000126: Indexes: [sys_idx_sys_pk_10273_10274, vehiclestateavltimeindex]

08:08:32.884 INFO  thread=main [o.h.t.h.TableMetadata:66] HHH000261: Table found: PUBLIC.PUBLIC.WEBAGENCIES

08:08:32.884 INFO  thread=main [o.h.t.h.TableMetadata:67] HHH000037: Columns: [hostname, dbname, dbtype, dbusername, active, agencyid, dbhost, dbencryptedpassword]

08:08:32.884 INFO  thread=main [o.h.t.h.TableMetadata:69] HHH000108: Foreign keys: []

08:08:32.885 INFO  thread=main [o.h.t.h.TableMetadata:70] HHH000126: Indexes: [sys_idx_sys_pk_10276_10277]

08:08:32.887 INFO  thread=main [o.h.t.h.SchemaUpdate:267] HHH000232: Schema update complete

08:08:32.912 INFO  thread=main [o.t.g.DbConfig:199] Finished reading configuration data from database . Took 1328 msec.

08:08:32.917 INFO  thread=TimeoutHandlerModule-1 [o.t.c.TimeoutHandlerModule:316] Starting module org.transitime.core.TimeoutHandlerModule for agencyId=02

08:08:32.918 INFO  thread=main [o.t.a.Core:415] Starting up optional modules specified via transitime.modules.optionalModulesList param:

08:08:32.919 INFO  thread=main [o.t.a.Core:420] Starting up optional module transitime.core.schedBasedPreds.SchedBasedPredsModule

08:08:32.923 ERROR thread=main [o.t.m.Module:120] Could not run module transitime.core.schedBasedPreds.SchedBasedPredsModule
java.lang.ClassNotFoundException: transitime.core.schedBasedPreds.SchedBasedPredsModule
	at java.net.URLClassLoader.findClass(URLClassLoader.java:381) ~[na:1.8.0_73]
	at java.lang.ClassLoader.loadClass(ClassLoader.java:424) ~[na:1.8.0_73]
	at sun.misc.Launcher$AppClassLoader.loadClass(Launcher.java:331) ~[na:1.8.0_73]
	at java.lang.ClassLoader.loadClass(ClassLoader.java:357) ~[na:1.8.0_73]
	at java.lang.Class.forName0(Native Method) ~[na:1.8.0_73]
	at java.lang.Class.forName(Class.java:264) ~[na:1.8.0_73]
	at org.transitime.modules.Module.start(Module.java:111) [classes/:na]
	at org.transitime.modules.Module.start(Module.java:94) [classes/:na]
	at org.transitime.applications.Core.main(Core.java:421) [classes/:na]

08:08:32.923 INFO  thread=main [o.t.a.Core:420] Starting up optional module org.transitime.avl.GtfsRealtimeModule

08:08:32.932 INFO  thread=main [o.t.i.r.AbstractServer:135] Setting up AbstractServer for RMI using secondary port=2098

08:08:32.955 INFO  thread=main [o.t.i.r.AbstractServer:135] Setting up AbstractServer for RMI using secondary port=2098

08:08:32.961 INFO  thread=main [o.t.i.r.AbstractServer:135] Setting up AbstractServer for RMI using secondary port=2098

08:08:32.969 INFO  thread=main [o.t.i.r.AbstractServer:135] Setting up AbstractServer for RMI using secondary port=2098

08:08:32.972 INFO  thread=main [o.t.i.r.AbstractServer:135] Setting up AbstractServer for RMI using secondary port=2098
