
03:51:31.366 INFO  thread=qtp2062018014-65 [o.h.a.c.Version:66] HCANN000001: Hibernate Commons Annotations {4.0.5.Final}

03:51:31.384 INFO  thread=qtp2062018014-65 [o.h.Version:54] HHH000412: Hibernate Core {4.3.9.Final}

03:51:31.389 INFO  thread=qtp2062018014-65 [o.h.c.Environment:239] HHH000206: hibernate.properties not found

03:51:31.391 INFO  thread=qtp2062018014-65 [o.h.c.Environment:346] HHH000021: Bytecode provider name : javassist

03:51:31.430 INFO  thread=qtp2062018014-65 [o.t.d.h.HibernateUtils:84] Configuring Hibernate for dbName=null using config file=C:\Users\Brendan\Documents\TransitimeTest\core\transitimeQuickStart\src\main\resources\hsql_hibernate.cfg.xml

03:51:31.431 INFO  thread=qtp2062018014-65 [o.h.c.Configuration:2133] HHH000042: Configuring from file: hsql_hibernate.cfg.xml

03:51:31.496 INFO  thread=qtp2062018014-65 [o.h.c.Configuration:759] HHH000221: Reading mappings from resource: named_queries.hbm.xml

03:51:32.143 INFO  thread=qtp2062018014-65 [o.h.c.Configuration:2216] HHH000041: Configured SessionFactory: null

03:51:32.183 INFO  thread=qtp2062018014-65 [o.t.d.h.HibernateUtils:142] For Hibernate factory project dbName=null using url=jdbc:hsqldb:hsql://localhost/test username=sa, and configured password

03:51:32.319 WARN  thread=qtp2062018014-65 [o.h.e.j.c.i.DriverManagerConnectionProviderImpl:93] HHH000402: Using Hibernate built-in connection pool (not for production use!)

03:51:32.325 INFO  thread=qtp2062018014-65 [o.h.e.j.c.i.DriverManagerConnectionProviderImpl:166] HHH000401: using driver [org.hsqldb.jdbcDriver] at URL [jdbc:hsqldb:hsql://localhost/test]

03:51:32.325 INFO  thread=qtp2062018014-65 [o.h.e.j.c.i.DriverManagerConnectionProviderImpl:175] HHH000046: Connection properties: {user=sa, password=****, autocommit=true}

03:51:32.326 INFO  thread=qtp2062018014-65 [o.h.e.j.c.i.DriverManagerConnectionProviderImpl:180] HHH000006: Autocommit mode: true

03:51:32.328 INFO  thread=qtp2062018014-65 [o.h.e.j.c.i.DriverManagerConnectionProviderImpl:102] HHH000115: Hibernate connection pool size: 20 (min=1)

03:51:32.559 INFO  thread=qtp2062018014-65 [o.h.d.Dialect:145] HHH000400: Using dialect: org.hibernate.dialect.HSQLDialect

03:51:33.128 INFO  thread=qtp2062018014-65 [o.h.e.t.i.TransactionFactoryInitiator:62] HHH000399: Using default transaction strategy (direct JDBC transactions)

03:51:33.136 INFO  thread=qtp2062018014-65 [o.h.h.i.a.ASTQueryTranslatorFactory:47] HHH000397: Using ASTQueryTranslatorFactory

03:51:34.895 INFO  thread=qtp2062018014-65 [o.h.t.h.SchemaUpdate:207] HHH000228: Running hbm2ddl schema update

03:51:34.897 INFO  thread=qtp2062018014-65 [o.h.t.h.SchemaUpdate:218] HHH000102: Fetching database metadata

03:51:34.907 INFO  thread=qtp2062018014-65 [o.h.t.h.SchemaUpdate:230] HHH000396: Updating schema

03:51:34.930 INFO  thread=qtp2062018014-65 [o.h.t.h.TableMetadata:66] HHH000261: Table found: PUBLIC.PUBLIC.ACTIVEREVISIONS

03:51:34.930 INFO  thread=qtp2062018014-65 [o.h.t.h.TableMetadata:67] HHH000037: Columns: [traveltimesrev, id, configrev]

03:51:34.930 INFO  thread=qtp2062018014-65 [o.h.t.h.TableMetadata:69] HHH000108: Foreign keys: []

03:51:34.930 INFO  thread=qtp2062018014-65 [o.h.t.h.TableMetadata:70] HHH000126: Indexes: [sys_idx_sys_pk_10129_10130]

03:51:34.943 INFO  thread=qtp2062018014-65 [o.h.t.h.TableMetadata:66] HHH000261: Table found: PUBLIC.PUBLIC.AGENCIES

03:51:34.944 INFO  thread=qtp2062018014-65 [o.h.t.h.TableMetadata:67] HHH000037: Columns: [minlon, agencytimezone, maxlat, minlat, agencyurl, maxlon, agencyfareurl, agencyid, agencyphone, configrev, agencyname, agencylang]

03:51:34.944 INFO  thread=qtp2062018014-65 [o.h.t.h.TableMetadata:69] HHH000108: Foreign keys: []

03:51:34.944 INFO  thread=qtp2062018014-65 [o.h.t.h.TableMetadata:70] HHH000126: Indexes: [sys_idx_sys_pk_10133_10134]

03:51:34.955 INFO  thread=qtp2062018014-65 [o.h.t.h.TableMetadata:66] HHH000261: Table found: PUBLIC.PUBLIC.APIKEYS

03:51:34.956 INFO  thread=qtp2062018014-65 [o.h.t.h.TableMetadata:67] HHH000037: Columns: [phone, applicationkey, applicationurl, description, email, applicationname]

03:51:34.956 INFO  thread=qtp2062018014-65 [o.h.t.h.TableMetadata:69] HHH000108: Foreign keys: []

03:51:34.956 INFO  thread=qtp2062018014-65 [o.h.t.h.TableMetadata:70] HHH000126: Indexes: [sys_idx_sys_pk_10136_10137]

03:51:34.973 INFO  thread=qtp2062018014-65 [o.h.t.h.TableMetadata:66] HHH000261: Table found: PUBLIC.PUBLIC.ARRIVALSDEPARTURES

03:51:34.974 INFO  thread=qtp2062018014-65 [o.h.t.h.TableMetadata:67] HHH000037: Columns: [avltime, gtfsstopseq, stoppathindex, directionid, stoporder, dtype, stopid, tripid, configrev, stoppathlength, blockid, routeid, routeshortname, isarrival, vehicleid, time, serviceid, scheduledtime, tripindex]

03:51:34.974 INFO  thread=qtp2062018014-65 [o.h.t.h.TableMetadata:69] HHH000108: Foreign keys: []

03:51:34.974 INFO  thread=qtp2062018014-65 [o.h.t.h.TableMetadata:70] HHH000126: Indexes: [arrivalsdeparturestimeindex, sys_idx_sys_pk_10145_10146, arrivalsdeparturesroutetimeindex]

03:51:34.985 INFO  thread=qtp2062018014-65 [o.h.t.h.TableMetadata:66] HHH000261: Table found: PUBLIC.PUBLIC.AVLREPORTS

03:51:34.986 INFO  thread=qtp2062018014-65 [o.h.t.h.TableMetadata:67] HHH000037: Columns: [passengercount, heading, passengerfullness, lon, source, field1value, assignmentid, speed, assignmenttype, driverid, field1name, timeprocessed, vehicleid, time, licenseplate, lat]

03:51:34.986 INFO  thread=qtp2062018014-65 [o.h.t.h.TableMetadata:69] HHH000108: Foreign keys: []

03:51:34.986 INFO  thread=qtp2062018014-65 [o.h.t.h.TableMetadata:70] HHH000126: Indexes: [avlreportstimeindex, sys_idx_sys_pk_10149_10150]

03:51:35.016 INFO  thread=qtp2062018014-65 [o.h.t.h.TableMetadata:66] HHH000261: Table found: PUBLIC.PUBLIC.BLOCK_TO_TRIP_JOINTABLE

03:51:35.016 INFO  thread=qtp2062018014-65 [o.h.t.h.TableMetadata:67] HHH000037: Columns: [blocks_configrev, trips_configrev, listindex, blocks_blockid, trips_tripid, trips_starttime, blocks_serviceid]

03:51:35.017 INFO  thread=qtp2062018014-65 [o.h.t.h.TableMetadata:69] HHH000108: Foreign keys: [fk_1c1e1twdap19vq0xkav0amvm, fk_abaj8ke6oh4imbbgnaercsowo]

03:51:35.017 INFO  thread=qtp2062018014-65 [o.h.t.h.TableMetadata:70] HHH000126: Indexes: [sys_idx_10288, sys_idx_sys_pk_10158_10159, sys_idx_10290]

03:51:35.035 INFO  thread=qtp2062018014-65 [o.h.t.h.TableMetadata:66] HHH000261: Table found: PUBLIC.PUBLIC.BLOCKS

03:51:35.035 INFO  thread=qtp2062018014-65 [o.h.t.h.TableMetadata:67] HHH000037: Columns: [blockid, endtime, starttime, serviceid, configrev, routeids]

03:51:35.036 INFO  thread=qtp2062018014-65 [o.h.t.h.TableMetadata:69] HHH000108: Foreign keys: []

03:51:35.036 INFO  thread=qtp2062018014-65 [o.h.t.h.TableMetadata:70] HHH000126: Indexes: [sys_idx_sys_pk_10163_10164]

03:51:35.048 INFO  thread=qtp2062018014-65 [o.h.t.h.TableMetadata:66] HHH000261: Table found: PUBLIC.PUBLIC.CALENDARDATES

03:51:35.048 INFO  thread=qtp2062018014-65 [o.h.t.h.TableMetadata:67] HHH000037: Columns: [date, serviceid, configrev, exceptiontype]

03:51:35.048 INFO  thread=qtp2062018014-65 [o.h.t.h.TableMetadata:69] HHH000108: Foreign keys: []

03:51:35.048 INFO  thread=qtp2062018014-65 [o.h.t.h.TableMetadata:70] HHH000126: Indexes: [sys_idx_sys_pk_10168_10169]

03:51:35.062 INFO  thread=qtp2062018014-65 [o.h.t.h.TableMetadata:66] HHH000261: Table found: PUBLIC.PUBLIC.CALENDARS

03:51:35.062 INFO  thread=qtp2062018014-65 [o.h.t.h.TableMetadata:67] HHH000037: Columns: [sunday, saturday, tuesday, enddate, wednesday, thursday, friday, startdate, serviceid, configrev, monday]

03:51:35.062 INFO  thread=qtp2062018014-65 [o.h.t.h.TableMetadata:69] HHH000108: Foreign keys: []

03:51:35.064 INFO  thread=qtp2062018014-65 [o.h.t.h.TableMetadata:70] HHH000126: Indexes: [sys_idx_sys_pk_10181_10182]

03:51:35.079 INFO  thread=qtp2062018014-65 [o.h.t.h.TableMetadata:66] HHH000261: Table found: PUBLIC.PUBLIC.CONFIGREVISION

03:51:35.080 INFO  thread=qtp2062018014-65 [o.h.t.h.TableMetadata:67] HHH000037: Columns: [zipfilelastmodifiedtime, notes, processedtime, configrev]

03:51:35.080 INFO  thread=qtp2062018014-65 [o.h.t.h.TableMetadata:69] HHH000108: Foreign keys: []

03:51:35.080 INFO  thread=qtp2062018014-65 [o.h.t.h.TableMetadata:70] HHH000126: Indexes: [sys_idx_sys_pk_10184_10185]

03:51:35.092 INFO  thread=qtp2062018014-65 [o.h.t.h.TableMetadata:66] HHH000261: Table found: PUBLIC.PUBLIC.DBTEST

03:51:35.092 INFO  thread=qtp2062018014-65 [o.h.t.h.TableMetadata:67] HHH000037: Columns: [id]

03:51:35.093 INFO  thread=qtp2062018014-65 [o.h.t.h.TableMetadata:69] HHH000108: Foreign keys: []

03:51:35.093 INFO  thread=qtp2062018014-65 [o.h.t.h.TableMetadata:70] HHH000126: Indexes: [sys_idx_sys_pk_10187_10188]

03:51:35.106 INFO  thread=qtp2062018014-65 [o.h.t.h.TableMetadata:66] HHH000261: Table found: PUBLIC.PUBLIC.FAREATTRIBUTES

03:51:35.107 INFO  thread=qtp2062018014-65 [o.h.t.h.TableMetadata:67] HHH000037: Columns: [currencytype, fareid, price, transfers, transferduration, configrev, paymentmethod]

03:51:35.107 INFO  thread=qtp2062018014-65 [o.h.t.h.TableMetadata:69] HHH000108: Foreign keys: []

03:51:35.107 INFO  thread=qtp2062018014-65 [o.h.t.h.TableMetadata:70] HHH000126: Indexes: [sys_idx_sys_pk_10191_10192]

03:51:35.119 INFO  thread=qtp2062018014-65 [o.h.t.h.TableMetadata:66] HHH000261: Table found: PUBLIC.PUBLIC.FARERULES

03:51:35.119 INFO  thread=qtp2062018014-65 [o.h.t.h.TableMetadata:67] HHH000037: Columns: [containsid, routeid, originid, fareid, destinationid, configrev]

03:51:35.119 INFO  thread=qtp2062018014-65 [o.h.t.h.TableMetadata:69] HHH000108: Foreign keys: []

03:51:35.120 INFO  thread=qtp2062018014-65 [o.h.t.h.TableMetadata:70] HHH000126: Indexes: [sys_idx_sys_pk_10199_10200]

03:51:35.132 INFO  thread=qtp2062018014-65 [o.h.t.h.TableMetadata:66] HHH000261: Table found: PUBLIC.PUBLIC.FREQUENCIES

03:51:35.133 INFO  thread=qtp2062018014-65 [o.h.t.h.TableMetadata:67] HHH000037: Columns: [headwaysecs, endtime, exacttimes, tripid, starttime, configrev]

03:51:35.133 INFO  thread=qtp2062018014-65 [o.h.t.h.TableMetadata:69] HHH000108: Foreign keys: []

03:51:35.133 INFO  thread=qtp2062018014-65 [o.h.t.h.TableMetadata:70] HHH000126: Indexes: [sys_idx_sys_pk_10204_10205]

03:51:35.148 INFO  thread=qtp2062018014-65 [o.h.t.h.TableMetadata:66] HHH000261: Table found: PUBLIC.PUBLIC.MATCHES

03:51:35.148 INFO  thread=qtp2062018014-65 [o.h.t.h.TableMetadata:67] HHH000037: Columns: [blockid, avltime, stoppathindex, segmentindex, tripid, vehicleid, atstop, distancealongstoppath, configrev, serviceid, distancealongsegment]

03:51:35.148 INFO  thread=qtp2062018014-65 [o.h.t.h.TableMetadata:69] HHH000108: Foreign keys: []

03:51:35.149 INFO  thread=qtp2062018014-65 [o.h.t.h.TableMetadata:70] HHH000126: Indexes: [avltimeindex, sys_idx_sys_pk_10208_10209]

03:51:35.181 INFO  thread=qtp2062018014-65 [o.h.t.h.TableMetadata:66] HHH000261: Table found: PUBLIC.PUBLIC.MEASUREDARRIVALTIMES

03:51:35.182 INFO  thread=qtp2062018014-65 [o.h.t.h.TableMetadata:67] HHH000037: Columns: [headsign, routeid, directionid, routeshortname, stopid, time]

03:51:35.182 INFO  thread=qtp2062018014-65 [o.h.t.h.TableMetadata:69] HHH000108: Foreign keys: []

03:51:35.182 INFO  thread=qtp2062018014-65 [o.h.t.h.TableMetadata:70] HHH000126: Indexes: [sys_idx_sys_pk_10212_10213, measuredarrivaltimesindex]

03:51:35.197 INFO  thread=qtp2062018014-65 [o.h.t.h.TableMetadata:66] HHH000261: Table found: PUBLIC.PUBLIC.MONITORINGEVENTS

03:51:35.198 INFO  thread=qtp2062018014-65 [o.h.t.h.TableMetadata:67] HHH000037: Columns: [triggered, time, type, message, value]

03:51:35.198 INFO  thread=qtp2062018014-65 [o.h.t.h.TableMetadata:69] HHH000108: Foreign keys: []

03:51:35.198 INFO  thread=qtp2062018014-65 [o.h.t.h.TableMetadata:70] HHH000126: Indexes: [sys_idx_sys_pk_10216_10217, monitoringeventstimeindex]

03:51:35.217 INFO  thread=qtp2062018014-65 [o.h.t.h.TableMetadata:66] HHH000261: Table found: PUBLIC.PUBLIC.PREDICTIONACCURACY

03:51:35.218 INFO  thread=qtp2062018014-65 [o.h.t.h.TableMetadata:67] HHH000037: Columns: [directionid, predictedtime, stopid, tripid, predictionreadtime, routeid, predictionsource, routeshortname, affectedbywaitstop, id, vehicleid, arrivaldeparturetime, predictionaccuracymsecs]

03:51:35.218 INFO  thread=qtp2062018014-65 [o.h.t.h.TableMetadata:69] HHH000108: Foreign keys: []

03:51:35.218 INFO  thread=qtp2062018014-65 [o.h.t.h.TableMetadata:70] HHH000126: Indexes: [predictionaccuracytimeindex, sys_idx_sys_pk_10218_10219]

03:51:35.231 INFO  thread=qtp2062018014-65 [o.h.t.h.TableMetadata:66] HHH000261: Table found: PUBLIC.PUBLIC.PREDICTIONS

03:51:35.232 INFO  thread=qtp2062018014-65 [o.h.t.h.TableMetadata:67] HHH000037: Columns: [routeid, avltime, predictiontime, stopid, affectedbywaitstop, isarrival, tripid, id, creationtime, vehicleid, configrev, schedbasedpred]

03:51:35.232 INFO  thread=qtp2062018014-65 [o.h.t.h.TableMetadata:69] HHH000108: Foreign keys: []

03:51:35.232 INFO  thread=qtp2062018014-65 [o.h.t.h.TableMetadata:70] HHH000126: Indexes: [sys_idx_sys_pk_10220_10221, predictiontimeindex]

03:51:35.244 INFO  thread=qtp2062018014-65 [o.h.t.h.TableMetadata:66] HHH000261: Table found: PUBLIC.PUBLIC.ROUTES

03:51:35.245 INFO  thread=qtp2062018014-65 [o.h.t.h.TableMetadata:67] HHH000037: Columns: [maxdistance, longname, minlon, routeorder, color, hidden, maxlon, textcolor, description, configrev, type, shortname, maxlat, minlat, name, id]

03:51:35.245 INFO  thread=qtp2062018014-65 [o.h.t.h.TableMetadata:69] HHH000108: Foreign keys: []

03:51:35.245 INFO  thread=qtp2062018014-65 [o.h.t.h.TableMetadata:70] HHH000126: Indexes: [sys_idx_sys_pk_10224_10225]

03:51:35.262 INFO  thread=qtp2062018014-65 [o.h.t.h.TableMetadata:66] HHH000261: Table found: PUBLIC.PUBLIC.STOPPATH_LOCATIONS

03:51:35.263 INFO  thread=qtp2062018014-65 [o.h.t.h.TableMetadata:67] HHH000037: Columns: [locations_order, stoppath_trippatternid, lon, stoppath_configrev, lat, stoppath_stoppathid]

03:51:35.263 INFO  thread=qtp2062018014-65 [o.h.t.h.TableMetadata:69] HHH000108: Foreign keys: [fk_sdjt3vtd3w0cl07p0doob6khi]

03:51:35.263 INFO  thread=qtp2062018014-65 [o.h.t.h.TableMetadata:70] HHH000126: Indexes: [sys_idx_10292, sys_idx_sys_pk_10230_10231]

03:51:35.275 INFO  thread=qtp2062018014-65 [o.h.t.h.TableMetadata:66] HHH000261: Table found: PUBLIC.PUBLIC.STOPPATHS

03:51:35.275 INFO  thread=qtp2062018014-65 [o.h.t.h.TableMetadata:67] HHH000037: Columns: [laststopintrip, breaktime, trippatternid, routeid, gtfsstopseq, layoverstop, pathlength, stopid, stoppathid, waitstop, configrev, scheduleadherencestop]

03:51:35.275 INFO  thread=qtp2062018014-65 [o.h.t.h.TableMetadata:69] HHH000108: Foreign keys: []

03:51:35.276 INFO  thread=qtp2062018014-65 [o.h.t.h.TableMetadata:70] HHH000126: Indexes: [sys_idx_sys_pk_10235_10236]

03:51:35.289 INFO  thread=qtp2062018014-65 [o.h.t.h.TableMetadata:66] HHH000261: Table found: PUBLIC.PUBLIC.STOPS

03:51:35.289 INFO  thread=qtp2062018014-65 [o.h.t.h.TableMetadata:67] HHH000037: Columns: [timepointstop, code, hidden, layoverstop, name, lon, waitstop, id, configrev, lat]

03:51:35.290 INFO  thread=qtp2062018014-65 [o.h.t.h.TableMetadata:69] HHH000108: Foreign keys: []

03:51:35.290 INFO  thread=qtp2062018014-65 [o.h.t.h.TableMetadata:70] HHH000126: Indexes: [sys_idx_sys_pk_10239_10240]

03:51:35.303 INFO  thread=qtp2062018014-65 [o.h.t.h.TableMetadata:66] HHH000261: Table found: PUBLIC.PUBLIC.TRANSFERS

03:51:35.303 INFO  thread=qtp2062018014-65 [o.h.t.h.TableMetadata:67] HHH000037: Columns: [mintransfertime, tostopid, configrev, fromstopid, transfertype]

03:51:35.304 INFO  thread=qtp2062018014-65 [o.h.t.h.TableMetadata:69] HHH000108: Foreign keys: []

03:51:35.304 INFO  thread=qtp2062018014-65 [o.h.t.h.TableMetadata:70] HHH000126: Indexes: [sys_idx_sys_pk_10244_10245]

03:51:35.319 INFO  thread=qtp2062018014-65 [o.h.t.h.TableMetadata:66] HHH000261: Table found: PUBLIC.PUBLIC.TRAVELTIMESFORSTOPPATHS

03:51:35.319 INFO  thread=qtp2062018014-65 [o.h.t.h.TableMetadata:67] HHH000037: Columns: [traveltimesrev, stoptimemsec, traveltimesmsec, daysofweekoverride, stoppathid, id, configrev, traveltimesegmentlength, howset]

03:51:35.320 INFO  thread=qtp2062018014-65 [o.h.t.h.TableMetadata:69] HHH000108: Foreign keys: []

03:51:35.320 INFO  thread=qtp2062018014-65 [o.h.t.h.TableMetadata:70] HHH000126: Indexes: [sys_idx_sys_pk_10246_10247]

03:51:35.334 INFO  thread=qtp2062018014-65 [o.h.t.h.TableMetadata:66] HHH000261: Table found: PUBLIC.PUBLIC.TRAVELTIMESFORTRIP_TO_TRAVELTIMESFORPATH_JOINTABLE

03:51:35.334 INFO  thread=qtp2062018014-65 [o.h.t.h.TableMetadata:67] HHH000037: Columns: [listindex, traveltimesfortrips_id, traveltimesforstoppaths_id]

03:51:35.334 INFO  thread=qtp2062018014-65 [o.h.t.h.TableMetadata:69] HHH000108: Foreign keys: [fk_hh5uepurijcqj0pyc6e3h5mqw, fk_9j1s8ewsmokqg4m35wrr29na7]

03:51:35.335 INFO  thread=qtp2062018014-65 [o.h.t.h.TableMetadata:70] HHH000126: Indexes: [sys_idx_10294, sys_idx_10296, sys_idx_sys_pk_10251_10252]

03:51:35.348 INFO  thread=qtp2062018014-65 [o.h.t.h.TableMetadata:66] HHH000261: Table found: PUBLIC.PUBLIC.TRAVELTIMESFORTRIPS

03:51:35.348 INFO  thread=qtp2062018014-65 [o.h.t.h.TableMetadata:67] HHH000037: Columns: [traveltimesrev, trippatternid, id, configrev, tripcreatedforid]

03:51:35.349 INFO  thread=qtp2062018014-65 [o.h.t.h.TableMetadata:69] HHH000108: Foreign keys: []

03:51:35.349 INFO  thread=qtp2062018014-65 [o.h.t.h.TableMetadata:70] HHH000126: Indexes: [traveltimesrevindex, sys_idx_sys_pk_10253_10254]

03:51:35.363 INFO  thread=qtp2062018014-65 [o.h.t.h.TableMetadata:66] HHH000261: Table found: PUBLIC.PUBLIC.TRIPPATTERN_TO_PATH_JOINTABLE

03:51:35.363 INFO  thread=qtp2062018014-65 [o.h.t.h.TableMetadata:67] HHH000037: Columns: [listindex, stoppaths_trippatternid, trippatterns_configrev, trippatterns_id, stoppaths_configrev, stoppaths_stoppathid]

03:51:35.363 INFO  thread=qtp2062018014-65 [o.h.t.h.TableMetadata:69] HHH000108: Foreign keys: [fk_s0gaw8iv60vc17a5ltryqwg27, fk_qsr8l6u1nelb5pt8rlnei08sy]

03:51:35.364 INFO  thread=qtp2062018014-65 [o.h.t.h.TableMetadata:70] HHH000126: Indexes: [sys_idx_10298, sys_idx_10300, sys_idx_uk_s0gaw8iv60vc17a5ltryqwg27_10376, sys_idx_sys_pk_10261_10262]

03:51:35.376 INFO  thread=qtp2062018014-65 [o.h.t.h.TableMetadata:66] HHH000261: Table found: PUBLIC.PUBLIC.TRIPPATTERNS

03:51:35.377 INFO  thread=qtp2062018014-65 [o.h.t.h.TableMetadata:67] HHH000037: Columns: [headsign, minlon, routeid, shapeid, maxlat, directionid, minlat, routeshortname, maxlon, id, configrev]

03:51:35.377 INFO  thread=qtp2062018014-65 [o.h.t.h.TableMetadata:69] HHH000108: Foreign keys: []

03:51:35.377 INFO  thread=qtp2062018014-65 [o.h.t.h.TableMetadata:70] HHH000126: Indexes: [sys_idx_sys_pk_10265_10266]

03:51:35.391 INFO  thread=qtp2062018014-65 [o.h.t.h.TableMetadata:66] HHH000261: Table found: PUBLIC.PUBLIC.TRIPS

03:51:35.391 INFO  thread=qtp2062018014-65 [o.h.t.h.TableMetadata:67] HHH000037: Columns: [exacttimesheadway, scheduledtimeslist, directionid, traveltimes_id, endtime, tripid, starttime, configrev, trippattern_id, blockid, headsign, tripshortname, routeid, shapeid, routeshortname, noschedule, trippattern_configrev, serviceid]

03:51:35.391 INFO  thread=qtp2062018014-65 [o.h.t.h.TableMetadata:69] HHH000108: Foreign keys: [fk_p1er53449kkfsca6mbnxkdyst, fk_676npp7h4bxh8sjcnugnxt5wb]

03:51:35.392 INFO  thread=qtp2062018014-65 [o.h.t.h.TableMetadata:70] HHH000126: Indexes: [sys_idx_sys_pk_10270_10271, sys_idx_10302, sys_idx_10304]

03:51:35.404 INFO  thread=qtp2062018014-65 [o.h.t.h.TableMetadata:66] HHH000261: Table found: PUBLIC.PUBLIC.VEHICLECONFIGS

03:51:35.404 INFO  thread=qtp2062018014-65 [o.h.t.h.TableMetadata:67] HHH000037: Columns: [trackerid, nonpassengervehicle, crushcapacity, description, id, type, capacity]

03:51:35.405 INFO  thread=qtp2062018014-65 [o.h.t.h.TableMetadata:69] HHH000108: Foreign keys: []

03:51:35.405 INFO  thread=qtp2062018014-65 [o.h.t.h.TableMetadata:70] HHH000126: Indexes: [sys_idx_sys_pk_10273_10274]

03:51:35.416 INFO  thread=qtp2062018014-65 [o.h.t.h.TableMetadata:66] HHH000261: Table found: PUBLIC.PUBLIC.VEHICLEEVENTS

03:51:35.417 INFO  thread=qtp2062018014-65 [o.h.t.h.TableMetadata:67] HHH000037: Columns: [avltime, becameunpredictable, description, stopid, lon, tripid, blockid, routeid, predictable, routeshortname, eventtype, vehicleid, time, serviceid, lat, supervisor]

03:51:35.417 INFO  thread=qtp2062018014-65 [o.h.t.h.TableMetadata:69] HHH000108: Foreign keys: []

03:51:35.417 INFO  thread=qtp2062018014-65 [o.h.t.h.TableMetadata:70] HHH000126: Indexes: [sys_idx_sys_pk_10278_10279, vehicleeventstimeindex]

03:51:35.429 INFO  thread=qtp2062018014-65 [o.h.t.h.TableMetadata:66] HHH000261: Table found: PUBLIC.PUBLIC.VEHICLESTATES

03:51:35.429 INFO  thread=qtp2062018014-65 [o.h.t.h.TableMetadata:67] HHH000037: Columns: [avltime, schedadhmsec, schedadh, schedadhwithinbounds, iswaitstop, tripid, blockid, tripshortname, islayover, routeid, routeshortname, isforschedbasedpreds, ispredictable, isdelayed, vehicleid]

03:51:35.430 INFO  thread=qtp2062018014-65 [o.h.t.h.TableMetadata:69] HHH000108: Foreign keys: []

03:51:35.430 INFO  thread=qtp2062018014-65 [o.h.t.h.TableMetadata:70] HHH000126: Indexes: [vehiclestateavltimeindex, sys_idx_sys_pk_10282_10283]

03:51:35.442 INFO  thread=qtp2062018014-65 [o.h.t.h.TableMetadata:66] HHH000261: Table found: PUBLIC.PUBLIC.WEBAGENCIES

03:51:35.442 INFO  thread=qtp2062018014-65 [o.h.t.h.TableMetadata:67] HHH000037: Columns: [hostname, dbname, dbtype, dbusername, active, agencyid, dbhost, dbencryptedpassword]

03:51:35.443 INFO  thread=qtp2062018014-65 [o.h.t.h.TableMetadata:69] HHH000108: Foreign keys: []

03:51:35.443 INFO  thread=qtp2062018014-65 [o.h.t.h.TableMetadata:70] HHH000126: Indexes: [sys_idx_sys_pk_10285_10286]

03:51:35.450 INFO  thread=qtp2062018014-65 [o.h.t.h.SchemaUpdate:267] HHH000232: Schema update complete

03:51:36.151 INFO  thread=qtp2062018014-65 [o.t.d.w.WebAgency:248] Reading WebAgencies data from database "null"...

03:51:36.259 INFO  thread=qtp2062018014-65 [o.t.d.w.WebAgency:262] Done reading WebAgencies from database. Took 106 msec. They are []

03:51:36.261 ERROR thread=qtp2062018014-65 [o.t.d.w.WebAgency:404] Did not find agencyId=02 in WebAgencies table for database null. Will reload data from database to see if agency only recently added.
