2016-05-07 16:43:20,534 [Worker-9] INFO  o.e.m.c.i.l.LifecycleMappingFactory - Using org.eclipse.m2e.jdt.JarLifecycleMapping lifecycle mapping for MavenProject: transitime:transitimeCore:0.0.1-SNAPSHOT @ C:\Users\Brendan\Documents\Transitime\core\transitime\pom.xml.
2016-05-07 16:43:21,639 [Worker-9] INFO  o.e.m.c.i.l.LifecycleMappingFactory - Using org.eclipse.m2e.jdt.JarLifecycleMapping lifecycle mapping for MavenProject: transitime:transitimeApi:0.0.1-SNAPSHOT @ C:\Users\Brendan\Documents\Transitime\core\transitimeApi\pom.xml.
2016-05-07 16:43:22,257 [Worker-9] INFO  o.e.m.c.i.l.LifecycleMappingFactory - Using org.eclipse.m2e.jdt.JarLifecycleMapping lifecycle mapping for MavenProject: transitime:transitimeWebapp:0.0.1-SNAPSHOT @ C:\Users\Brendan\Documents\Transitime\core\transitimeWebapp\pom.xml.
2016-05-07 16:43:24,340 [Worker-9] INFO  o.e.m.j.i.AbstractJavaProjectConfigurator - Adding source folder /transitime/src/main/java
2016-05-07 16:43:24,341 [Worker-9] INFO  o.e.m.j.i.AbstractJavaProjectConfigurator - Adding resource folder /transitime/src/main/resources
2016-05-07 16:43:24,352 [Worker-9] INFO  o.e.m.j.i.AbstractJavaProjectConfigurator - Adding source folder /transitime/src/test/java
2016-05-07 16:43:24,352 [Worker-9] INFO  o.e.m.j.i.AbstractJavaProjectConfigurator - Adding resource folder /transitime/src/test/resources
2016-05-07 16:43:24,739 [Worker-9] INFO  o.e.m.j.i.AbstractJavaProjectConfigurator - Adding source folder /transitimeApi/src/main/java
2016-05-07 16:43:24,740 [Worker-9] INFO  o.e.m.j.i.AbstractJavaProjectConfigurator - Adding resource folder /transitimeApi/src/main/resources
2016-05-07 16:43:24,745 [Worker-9] INFO  o.e.m.j.i.AbstractJavaProjectConfigurator - Adding source folder /transitimeApi/src/test/java
2016-05-07 16:43:25,887 [Worker-9] INFO  o.e.m.j.i.AbstractJavaProjectConfigurator - Adding source folder /transitimeWebapp/src/main/java
2016-05-07 16:43:25,887 [Worker-9] INFO  o.e.m.j.i.AbstractJavaProjectConfigurator - Adding resource folder /transitimeWebapp/src/main/resources
2016-05-07 16:43:25,892 [Worker-9] INFO  o.e.m.j.i.AbstractJavaProjectConfigurator - Adding source folder /transitimeWebapp/src/test/java
2016-05-07 16:43:26,759 [Worker-9] INFO  o.e.m.c.i.p.ProjectConfigurationManager - Imported and configured 3 project(s) in 8 sec
2016-05-07 16:43:32,333 [Worker-15] INFO  o.e.m.c.i.embedder.EclipseLogger - Using 'UTF-8' encoding to copy filtered resources.
2016-05-07 16:43:32,344 [Worker-15] INFO  o.e.m.c.i.embedder.EclipseLogger - Copying 23 resources
2016-05-07 16:43:32,390 [Worker-15] INFO  o.e.m.c.i.embedder.EclipseLogger - Using 'UTF-8' encoding to copy filtered resources.
2016-05-07 16:43:32,390 [Worker-15] INFO  o.e.m.c.i.embedder.EclipseLogger - Copying 2 resources
2016-05-07 16:43:34,311 [Worker-15] INFO  o.e.m.c.i.embedder.EclipseLogger - Using 'UTF-8' encoding to copy filtered resources.
2016-05-07 16:43:34,312 [Worker-15] INFO  o.e.m.c.i.embedder.EclipseLogger - Copying 3 resources
2016-05-07 16:43:34,326 [Worker-15] INFO  o.e.m.c.i.embedder.EclipseLogger - Using 'UTF-8' encoding to copy filtered resources.
2016-05-07 16:43:34,326 [Worker-15] INFO  o.e.m.c.i.embedder.EclipseLogger - skip non existing resourceDirectory C:\Users\Brendan\Documents\Transitime\core\transitimeApi\src\test\resources
2016-05-07 16:43:35,287 [Worker-15] INFO  o.e.m.c.i.embedder.EclipseLogger - Using 'UTF-8' encoding to copy filtered resources.
2016-05-07 16:43:35,288 [Worker-15] INFO  o.e.m.c.i.embedder.EclipseLogger - Copying 3 resources
2016-05-07 16:43:35,297 [Worker-15] INFO  o.e.m.c.i.embedder.EclipseLogger - Using 'UTF-8' encoding to copy filtered resources.
2016-05-07 16:43:35,297 [Worker-15] INFO  o.e.m.c.i.embedder.EclipseLogger - skip non existing resourceDirectory C:\Users\Brendan\Documents\Transitime\core\transitimeWebapp\src\test\resources
2016-05-07 16:44:56,203 [main] INFO  c.g.t.t.d.PublishedGradleVersions - Gradle version information cache file is not out-of-date. No remote download required.
2016-05-07 17:37:10,988 [main] INFO  c.g.t.t.d.PublishedGradleVersions - Gradle version information cache file is not out-of-date. No remote download required.
2016-05-07 17:37:15,383 [Worker-9] INFO  o.e.m.c.i.embedder.EclipseLogger - Using 'UTF-8' encoding to copy filtered resources.
2016-05-07 17:37:15,390 [Worker-9] INFO  o.e.m.c.i.embedder.EclipseLogger - Copying 23 resources
2016-05-07 17:37:15,401 [Worker-9] INFO  o.e.m.c.i.embedder.EclipseLogger - Using 'UTF-8' encoding to copy filtered resources.
2016-05-07 17:37:15,401 [Worker-9] INFO  o.e.m.c.i.embedder.EclipseLogger - Copying 2 resources
2016-05-07 17:37:16,891 [Worker-9] INFO  o.e.m.c.i.embedder.EclipseLogger - Using 'UTF-8' encoding to copy filtered resources.
2016-05-07 17:37:16,892 [Worker-9] INFO  o.e.m.c.i.embedder.EclipseLogger - Copying 3 resources
2016-05-07 17:37:16,898 [Worker-9] INFO  o.e.m.c.i.embedder.EclipseLogger - Using 'UTF-8' encoding to copy filtered resources.
2016-05-07 17:37:16,898 [Worker-9] INFO  o.e.m.c.i.embedder.EclipseLogger - skip non existing resourceDirectory C:\Users\Brendan\Documents\Transitime\core\transitimeApi\src\test\resources
2016-05-07 17:37:17,625 [Worker-9] INFO  o.e.m.c.i.embedder.EclipseLogger - Using 'UTF-8' encoding to copy filtered resources.
2016-05-07 17:37:17,626 [Worker-9] INFO  o.e.m.c.i.embedder.EclipseLogger - Copying 3 resources
2016-05-07 17:37:17,628 [Worker-9] INFO  o.e.m.c.i.embedder.EclipseLogger - Using 'UTF-8' encoding to copy filtered resources.
2016-05-07 17:37:17,628 [Worker-9] INFO  o.e.m.c.i.embedder.EclipseLogger - skip non existing resourceDirectory C:\Users\Brendan\Documents\Transitime\core\transitimeWebapp\src\test\resources
2016-05-30 13:50:10,051 [main] INFO  c.g.t.t.d.PublishedGradleVersions - Gradle version information cache file is out-of-date. Remote download required.
2016-05-30 13:50:22,987 [Worker-10] INFO  o.e.m.c.i.embedder.EclipseLogger - Using 'UTF-8' encoding to copy filtered resources.
2016-05-30 13:50:22,993 [Worker-10] INFO  o.e.m.c.i.embedder.EclipseLogger - Copying 23 resources
2016-05-30 13:50:23,094 [Worker-10] INFO  o.e.m.c.i.embedder.EclipseLogger - Using 'UTF-8' encoding to copy filtered resources.
2016-05-30 13:50:23,095 [Worker-10] INFO  o.e.m.c.i.embedder.EclipseLogger - Copying 2 resources
2016-05-30 13:50:25,507 [Worker-17] INFO  o.e.m.c.i.embedder.EclipseLogger - Using 'UTF-8' encoding to copy filtered resources.
2016-05-30 13:50:25,508 [Worker-17] INFO  o.e.m.c.i.embedder.EclipseLogger - Copying 23 resources
2016-05-30 13:50:25,514 [Worker-17] INFO  o.e.m.c.i.embedder.EclipseLogger - Using 'UTF-8' encoding to copy filtered resources.
2016-05-30 13:50:25,515 [Worker-17] INFO  o.e.m.c.i.embedder.EclipseLogger - Copying 2 resources
2016-05-30 13:50:28,174 [Worker-17] INFO  o.e.m.c.i.embedder.EclipseLogger - Using 'UTF-8' encoding to copy filtered resources.
2016-05-30 13:50:28,175 [Worker-17] INFO  o.e.m.c.i.embedder.EclipseLogger - Copying 3 resources
2016-05-30 13:50:28,210 [Worker-17] INFO  o.e.m.c.i.embedder.EclipseLogger - Using 'UTF-8' encoding to copy filtered resources.
2016-05-30 13:50:28,210 [Worker-17] INFO  o.e.m.c.i.embedder.EclipseLogger - skip non existing resourceDirectory C:\Users\Brendan\Documents\Transitime\core\transitimeApi\src\test\resources
2016-05-30 13:50:29,113 [Worker-17] INFO  o.e.m.c.i.embedder.EclipseLogger - Using 'UTF-8' encoding to copy filtered resources.
2016-05-30 13:50:29,114 [Worker-17] INFO  o.e.m.c.i.embedder.EclipseLogger - Copying 3 resources
2016-05-30 13:50:29,167 [Worker-17] INFO  o.e.m.c.i.embedder.EclipseLogger - Using 'UTF-8' encoding to copy filtered resources.
2016-05-30 13:50:29,167 [Worker-17] INFO  o.e.m.c.i.embedder.EclipseLogger - skip non existing resourceDirectory C:\Users\Brendan\Documents\Transitime\core\transitimeWebapp\src\test\resources
2016-05-30 13:57:26,756 [main] INFO  c.g.t.t.d.PublishedGradleVersions - Gradle version information cache file is not out-of-date. No remote download required.
2016-05-30 14:25:28,263 [Worker-26] INFO  o.e.m.c.i.embedder.EclipseLogger - Using 'UTF-8' encoding to copy filtered resources.
2016-05-30 14:25:28,270 [Worker-26] INFO  o.e.m.c.i.embedder.EclipseLogger - Copying 23 resources
2016-05-30 14:25:28,280 [Worker-26] INFO  o.e.m.c.i.embedder.EclipseLogger - Using 'UTF-8' encoding to copy filtered resources.
2016-05-30 14:25:28,281 [Worker-26] INFO  o.e.m.c.i.embedder.EclipseLogger - Copying 2 resources
2016-05-30 14:33:40,099 [Worker-26] INFO  o.e.m.c.i.embedder.EclipseLogger - Using 'UTF-8' encoding to copy filtered resources.
2016-05-30 14:33:40,108 [Worker-26] INFO  o.e.m.c.i.embedder.EclipseLogger - Copying 23 resources
2016-05-30 14:33:40,114 [Worker-26] INFO  o.e.m.c.i.embedder.EclipseLogger - Using 'UTF-8' encoding to copy filtered resources.
2016-05-30 14:33:40,114 [Worker-26] INFO  o.e.m.c.i.embedder.EclipseLogger - Copying 0 resource
2016-05-30 14:34:12,419 [Worker-30] INFO  o.e.m.c.i.embedder.EclipseLogger - Using 'UTF-8' encoding to copy filtered resources.
2016-05-30 14:34:12,424 [Worker-30] INFO  o.e.m.c.i.embedder.EclipseLogger - Copying 23 resources
2016-05-30 14:34:12,429 [Worker-30] INFO  o.e.m.c.i.embedder.EclipseLogger - Using 'UTF-8' encoding to copy filtered resources.
2016-05-30 14:34:12,429 [Worker-30] INFO  o.e.m.c.i.embedder.EclipseLogger - Copying 0 resource
2016-05-30 14:34:39,096 [Worker-26] INFO  o.e.m.c.i.embedder.EclipseLogger - Using 'UTF-8' encoding to copy filtered resources.
2016-05-30 14:34:39,100 [Worker-26] INFO  o.e.m.c.i.embedder.EclipseLogger - Copying 23 resources
2016-05-30 14:34:39,105 [Worker-26] INFO  o.e.m.c.i.embedder.EclipseLogger - Using 'UTF-8' encoding to copy filtered resources.
2016-05-30 14:34:39,106 [Worker-26] INFO  o.e.m.c.i.embedder.EclipseLogger - Copying 0 resource
2016-05-30 14:34:46,286 [Worker-34] INFO  o.e.m.c.i.embedder.EclipseLogger - Using 'UTF-8' encoding to copy filtered resources.
2016-05-30 14:34:46,290 [Worker-34] INFO  o.e.m.c.i.embedder.EclipseLogger - Copying 23 resources
2016-05-30 14:34:46,295 [Worker-34] INFO  o.e.m.c.i.embedder.EclipseLogger - Using 'UTF-8' encoding to copy filtered resources.
2016-05-30 14:34:46,295 [Worker-34] INFO  o.e.m.c.i.embedder.EclipseLogger - Copying 0 resource
2016-05-30 14:37:55,846 [Worker-34] INFO  o.e.m.c.i.embedder.EclipseLogger - Using 'UTF-8' encoding to copy filtered resources.
2016-05-30 14:37:55,850 [Worker-34] INFO  o.e.m.c.i.embedder.EclipseLogger - Copying 23 resources
2016-05-30 14:37:55,855 [Worker-34] INFO  o.e.m.c.i.embedder.EclipseLogger - Using 'UTF-8' encoding to copy filtered resources.
2016-05-30 14:37:55,855 [Worker-34] INFO  o.e.m.c.i.embedder.EclipseLogger - Copying 0 resource
2016-05-30 14:38:29,391 [Worker-26] INFO  o.e.m.c.i.embedder.EclipseLogger - Using 'UTF-8' encoding to copy filtered resources.
2016-05-30 14:38:29,394 [Worker-26] INFO  o.e.m.c.i.embedder.EclipseLogger - Copying 23 resources
2016-05-30 14:38:29,398 [Worker-26] INFO  o.e.m.c.i.embedder.EclipseLogger - Using 'UTF-8' encoding to copy filtered resources.
2016-05-30 14:38:29,398 [Worker-26] INFO  o.e.m.c.i.embedder.EclipseLogger - Copying 0 resource
2016-05-30 14:42:25,379 [Worker-26] INFO  o.e.m.c.i.embedder.EclipseLogger - Using 'UTF-8' encoding to copy filtered resources.
2016-05-30 14:42:25,382 [Worker-26] INFO  o.e.m.c.i.embedder.EclipseLogger - Copying 23 resources
2016-05-30 14:42:25,387 [Worker-26] INFO  o.e.m.c.i.embedder.EclipseLogger - Using 'UTF-8' encoding to copy filtered resources.
2016-05-30 14:42:25,387 [Worker-26] INFO  o.e.m.c.i.embedder.EclipseLogger - Copying 0 resource
2016-05-30 14:43:09,901 [Worker-43] INFO  o.e.m.c.i.embedder.EclipseLogger - Using 'UTF-8' encoding to copy filtered resources.
2016-05-30 14:43:09,904 [Worker-43] INFO  o.e.m.c.i.embedder.EclipseLogger - Copying 23 resources
2016-05-30 14:43:09,908 [Worker-43] INFO  o.e.m.c.i.embedder.EclipseLogger - Using 'UTF-8' encoding to copy filtered resources.
2016-05-30 14:43:09,909 [Worker-43] INFO  o.e.m.c.i.embedder.EclipseLogger - Copying 0 resource
2016-05-30 14:43:48,113 [Worker-42] INFO  o.e.m.c.i.embedder.EclipseLogger - Using 'UTF-8' encoding to copy filtered resources.
2016-05-30 14:43:48,117 [Worker-42] INFO  o.e.m.c.i.embedder.EclipseLogger - Copying 23 resources
2016-05-30 14:43:48,121 [Worker-42] INFO  o.e.m.c.i.embedder.EclipseLogger - Using 'UTF-8' encoding to copy filtered resources.
2016-05-30 14:43:48,122 [Worker-42] INFO  o.e.m.c.i.embedder.EclipseLogger - Copying 0 resource
2016-05-30 14:46:37,675 [Worker-42] INFO  o.e.m.c.i.embedder.EclipseLogger - Using 'UTF-8' encoding to copy filtered resources.
2016-05-30 14:46:37,679 [Worker-42] INFO  o.e.m.c.i.embedder.EclipseLogger - Copying 23 resources
2016-05-30 14:46:37,683 [Worker-42] INFO  o.e.m.c.i.embedder.EclipseLogger - Using 'UTF-8' encoding to copy filtered resources.
2016-05-30 14:46:37,683 [Worker-42] INFO  o.e.m.c.i.embedder.EclipseLogger - Copying 0 resource
2016-05-30 14:46:49,870 [Worker-42] INFO  o.e.m.c.i.embedder.EclipseLogger - Using 'UTF-8' encoding to copy filtered resources.
2016-05-30 14:46:49,874 [Worker-42] INFO  o.e.m.c.i.embedder.EclipseLogger - Copying 23 resources
2016-05-30 14:46:49,879 [Worker-42] INFO  o.e.m.c.i.embedder.EclipseLogger - Using 'UTF-8' encoding to copy filtered resources.
2016-05-30 14:46:49,879 [Worker-42] INFO  o.e.m.c.i.embedder.EclipseLogger - Copying 0 resource
2016-05-30 14:52:28,275 [Worker-49] INFO  o.e.m.c.i.embedder.EclipseLogger - Using 'UTF-8' encoding to copy filtered resources.
2016-05-30 14:52:28,279 [Worker-49] INFO  o.e.m.c.i.embedder.EclipseLogger - Copying 23 resources
2016-05-30 14:52:28,283 [Worker-49] INFO  o.e.m.c.i.embedder.EclipseLogger - Using 'UTF-8' encoding to copy filtered resources.
2016-05-30 14:52:28,283 [Worker-49] INFO  o.e.m.c.i.embedder.EclipseLogger - Copying 0 resource
2016-05-30 14:58:02,892 [Worker-53] INFO  o.e.m.c.i.embedder.EclipseLogger - Using 'UTF-8' encoding to copy filtered resources.
2016-05-30 14:58:02,896 [Worker-53] INFO  o.e.m.c.i.embedder.EclipseLogger - Copying 23 resources
2016-05-30 14:58:02,900 [Worker-53] INFO  o.e.m.c.i.embedder.EclipseLogger - Using 'UTF-8' encoding to copy filtered resources.
2016-05-30 14:58:02,901 [Worker-53] INFO  o.e.m.c.i.embedder.EclipseLogger - Copying 0 resource
2016-05-30 14:59:17,610 [Worker-55] INFO  o.e.m.c.i.embedder.EclipseLogger - Using 'UTF-8' encoding to copy filtered resources.
2016-05-30 14:59:17,614 [Worker-55] INFO  o.e.m.c.i.embedder.EclipseLogger - Copying 23 resources
2016-05-30 14:59:17,620 [Worker-55] INFO  o.e.m.c.i.embedder.EclipseLogger - Using 'UTF-8' encoding to copy filtered resources.
2016-05-30 14:59:17,620 [Worker-55] INFO  o.e.m.c.i.embedder.EclipseLogger - Copying 0 resource
2016-05-30 15:10:22,811 [Worker-60] INFO  o.e.m.c.i.embedder.EclipseLogger - Using 'UTF-8' encoding to copy filtered resources.
2016-05-30 15:10:22,815 [Worker-60] INFO  o.e.m.c.i.embedder.EclipseLogger - Copying 23 resources
2016-05-30 15:10:22,821 [Worker-60] INFO  o.e.m.c.i.embedder.EclipseLogger - Using 'UTF-8' encoding to copy filtered resources.
2016-05-30 15:10:22,822 [Worker-60] INFO  o.e.m.c.i.embedder.EclipseLogger - Copying 0 resource
2016-05-31 12:22:16,106 [main] INFO  c.g.t.t.d.PublishedGradleVersions - Gradle version information cache file is not out-of-date. No remote download required.
2016-05-31 12:49:41,296 [Worker-28] INFO  o.e.m.c.i.embedder.EclipseLogger - Using 'UTF-8' encoding to copy filtered resources.
2016-05-31 12:49:41,304 [Worker-28] INFO  o.e.m.c.i.embedder.EclipseLogger - Copying 23 resources
2016-05-31 12:49:41,342 [Worker-28] INFO  o.e.m.c.i.embedder.EclipseLogger - Using 'UTF-8' encoding to copy filtered resources.
2016-05-31 12:49:41,343 [Worker-28] INFO  o.e.m.c.i.embedder.EclipseLogger - Copying 2 resources
2016-05-31 14:34:14,679 [Worker-49] INFO  o.e.m.c.i.embedder.EclipseLogger - Using 'UTF-8' encoding to copy filtered resources.
2016-05-31 14:34:14,690 [Worker-49] INFO  o.e.m.c.i.embedder.EclipseLogger - Copying 23 resources
2016-05-31 14:34:14,701 [Worker-49] INFO  o.e.m.c.i.embedder.EclipseLogger - Using 'UTF-8' encoding to copy filtered resources.
2016-05-31 14:34:14,701 [Worker-49] INFO  o.e.m.c.i.embedder.EclipseLogger - Copying 0 resource
2016-05-31 16:10:40,099 [Worker-70] INFO  o.e.m.c.i.embedder.EclipseLogger - Using 'UTF-8' encoding to copy filtered resources.
2016-05-31 16:10:40,193 [Worker-70] INFO  o.e.m.c.i.embedder.EclipseLogger - Copying 23 resources
2016-05-31 16:10:40,199 [Worker-70] INFO  o.e.m.c.i.embedder.EclipseLogger - Using 'UTF-8' encoding to copy filtered resources.
2016-05-31 16:10:40,200 [Worker-70] INFO  o.e.m.c.i.embedder.EclipseLogger - Copying 0 resource
2016-05-31 16:16:07,364 [Worker-72] INFO  o.e.m.c.i.embedder.EclipseLogger - Using 'UTF-8' encoding to copy filtered resources.
2016-05-31 16:16:07,368 [Worker-72] INFO  o.e.m.c.i.embedder.EclipseLogger - Copying 1 resource
2016-05-31 16:16:07,370 [Worker-72] INFO  o.e.m.c.i.embedder.EclipseLogger - Using 'UTF-8' encoding to copy filtered resources.
2016-05-31 16:16:07,371 [Worker-72] INFO  o.e.m.c.i.embedder.EclipseLogger - Copying 0 resource
2016-05-31 16:18:23,398 [Worker-73] INFO  o.e.m.c.i.embedder.EclipseLogger - Using 'UTF-8' encoding to copy filtered resources.
2016-05-31 16:18:23,400 [Worker-73] INFO  o.e.m.c.i.embedder.EclipseLogger - Copying 1 resource
2016-05-31 16:18:23,404 [Worker-73] INFO  o.e.m.c.i.embedder.EclipseLogger - Using 'UTF-8' encoding to copy filtered resources.
2016-05-31 16:18:23,405 [Worker-73] INFO  o.e.m.c.i.embedder.EclipseLogger - Copying 0 resource
2016-05-31 17:02:21,702 [Worker-0] INFO  o.e.m.c.i.embedder.EclipseLogger - Using 'UTF-8' encoding to copy filtered resources.
2016-05-31 17:02:21,750 [Worker-0] INFO  o.e.m.c.i.embedder.EclipseLogger - Copying 23 resources
2016-05-31 17:02:21,988 [Worker-0] INFO  o.e.m.c.i.embedder.EclipseLogger - Using 'UTF-8' encoding to copy filtered resources.
2016-05-31 17:02:21,988 [Worker-0] INFO  o.e.m.c.i.embedder.EclipseLogger - Copying 2 resources
2016-05-31 17:02:28,534 [main] INFO  c.g.t.t.d.PublishedGradleVersions - Gradle version information cache file is out-of-date. Remote download required.
2016-06-01 11:02:54,729 [main] INFO  c.g.t.t.d.PublishedGradleVersions - Gradle version information cache file is not out-of-date. No remote download required.
2016-06-01 16:21:37,690 [Worker-108] INFO  o.e.m.c.i.e.AbstractTransferListenerAdapter - Downloaded http://dl.bintray.com/kevinlee/maven/org/postgresql/postgresql/9.3-1103-jdbc41/postgresql-9.3-1103-jdbc41-sources.jar
2016-06-01 16:21:38,191 [Worker-108] INFO  o.e.m.c.i.e.AbstractTransferListenerAdapter - Downloading https://repo.maven.apache.org/maven2/org/postgresql/postgresql/9.3-1103-jdbc41/postgresql-9.3-1103-jdbc41-sources.jar
2016-06-01 16:21:38,816 [Worker-108] INFO  o.e.m.c.i.e.AbstractTransferListenerAdapter - Downloaded https://repo.maven.apache.org/maven2/org/postgresql/postgresql/9.3-1103-jdbc41/postgresql-9.3-1103-jdbc41-sources.jar
2016-06-01 16:21:39,078 [Worker-108] INFO  o.e.m.j.internal.DownloadSourcesJob - Downloaded sources for org.postgresql:postgresql:9.3-1103-jdbc41
2016-06-01 16:21:41,686 [Worker-102] INFO  o.e.m.c.i.embedder.EclipseLogger - Using 'UTF-8' encoding to copy filtered resources.
2016-06-01 16:21:41,704 [Worker-102] INFO  o.e.m.c.i.embedder.EclipseLogger - Copying 23 resources
2016-06-01 16:21:41,716 [Worker-102] INFO  o.e.m.c.i.embedder.EclipseLogger - Using 'UTF-8' encoding to copy filtered resources.
2016-06-01 16:21:41,717 [Worker-102] INFO  o.e.m.c.i.embedder.EclipseLogger - Copying 2 resources
2016-06-02 11:43:53,536 [main] INFO  c.g.t.t.d.PublishedGradleVersions - Gradle version information cache file is out-of-date. Remote download required.
2016-06-02 16:59:51,693 [Worker-69] INFO  o.e.m.c.i.embedder.EclipseLogger - Using 'UTF-8' encoding to copy filtered resources.
2016-06-02 16:59:51,700 [Worker-69] INFO  o.e.m.c.i.embedder.EclipseLogger - Copying 23 resources
2016-06-02 16:59:51,797 [Worker-69] INFO  o.e.m.c.i.embedder.EclipseLogger - Using 'UTF-8' encoding to copy filtered resources.
2016-06-02 16:59:51,798 [Worker-69] INFO  o.e.m.c.i.embedder.EclipseLogger - Copying 2 resources
2016-06-03 11:23:56,472 [main] INFO  c.g.t.t.d.PublishedGradleVersions - Gradle version information cache file is not out-of-date. No remote download required.
2016-06-03 11:24:26,317 [Worker-10] INFO  o.e.m.c.i.embedder.EclipseLogger - Using 'UTF-8' encoding to copy filtered resources.
2016-06-03 11:24:26,331 [Worker-10] INFO  o.e.m.c.i.embedder.EclipseLogger - Copying 23 resources
2016-06-03 11:24:26,475 [Worker-10] INFO  o.e.m.c.i.embedder.EclipseLogger - Using 'UTF-8' encoding to copy filtered resources.
2016-06-03 11:24:26,476 [Worker-10] INFO  o.e.m.c.i.embedder.EclipseLogger - Copying 2 resources
2016-06-03 11:24:32,990 [Worker-0] INFO  o.e.m.c.i.embedder.EclipseLogger - Using 'UTF-8' encoding to copy filtered resources.
2016-06-03 11:24:32,990 [Worker-0] INFO  o.e.m.c.i.embedder.EclipseLogger - Copying 3 resources
2016-06-03 11:24:33,041 [Worker-0] INFO  o.e.m.c.i.embedder.EclipseLogger - Using 'UTF-8' encoding to copy filtered resources.
2016-06-03 11:24:33,042 [Worker-0] INFO  o.e.m.c.i.embedder.EclipseLogger - skip non existing resourceDirectory C:\Users\Brendan\Documents\Transitime\core\transitimeApi\src\test\resources
2016-06-03 11:24:34,145 [Worker-16] INFO  o.e.m.c.i.embedder.EclipseLogger - Using 'UTF-8' encoding to copy filtered resources.
2016-06-03 11:24:34,146 [Worker-16] INFO  o.e.m.c.i.embedder.EclipseLogger - Copying 3 resources
2016-06-03 11:24:34,171 [Worker-16] INFO  o.e.m.c.i.embedder.EclipseLogger - Using 'UTF-8' encoding to copy filtered resources.
2016-06-03 11:24:34,171 [Worker-16] INFO  o.e.m.c.i.embedder.EclipseLogger - skip non existing resourceDirectory C:\Users\Brendan\Documents\Transitime\core\transitimeWebapp\src\test\resources
2016-06-07 10:44:01,276 [main] INFO  c.g.t.t.d.PublishedGradleVersions - Gradle version information cache file is out-of-date. Remote download required.
2016-06-07 11:01:20,078 [Worker-7] ERROR o.e.m.c.i.p.ProjectConfigurationManager - Project transitime already exists
2016-06-07 11:01:22,474 [Worker-7] INFO  o.e.m.c.i.l.LifecycleMappingFactory - Using org.eclipse.m2e.jdt.JarLifecycleMapping lifecycle mapping for MavenProject: com.transitime.app:transitimeQuickStart:1.0-SNAPSHOT @ C:\Users\Brendan\Documents\Transitime\core\transitimeQuickStart\pom.xml.
2016-06-07 11:01:23,245 [Worker-7] INFO  o.e.m.j.i.AbstractJavaProjectConfigurator - Adding source folder /transitimeQuickStart/src/main/java
2016-06-07 11:01:23,246 [Worker-7] INFO  o.e.m.j.i.AbstractJavaProjectConfigurator - Adding source folder /transitimeQuickStart/src/test/java
2016-06-07 11:01:23,320 [Worker-7] INFO  o.e.m.c.i.p.ProjectConfigurationManager - Imported and configured 2 project(s) in 3 sec
2016-06-07 11:01:32,140 [main] INFO  c.g.t.t.d.PublishedGradleVersions - Gradle version information cache file is not out-of-date. No remote download required.
2016-06-07 11:01:32,789 [Worker-0] INFO  o.e.m.c.i.embedder.EclipseLogger - Using 'UTF-8' encoding to copy filtered resources.
2016-06-07 11:01:32,796 [Worker-0] INFO  o.e.m.c.i.embedder.EclipseLogger - Copying 23 resources
2016-06-07 11:01:32,963 [Worker-0] INFO  o.e.m.c.i.embedder.EclipseLogger - Using 'UTF-8' encoding to copy filtered resources.
2016-06-07 11:01:32,964 [Worker-0] INFO  o.e.m.c.i.embedder.EclipseLogger - Copying 2 resources
2016-06-07 11:01:35,100 [Worker-0] INFO  o.e.m.c.i.embedder.EclipseLogger - Using 'UTF-8' encoding to copy filtered resources.
2016-06-07 11:01:35,101 [Worker-0] INFO  o.e.m.c.i.embedder.EclipseLogger - Copying 3 resources
2016-06-07 11:01:35,159 [Worker-0] INFO  o.e.m.c.i.embedder.EclipseLogger - Using 'UTF-8' encoding to copy filtered resources.
2016-06-07 11:01:35,159 [Worker-0] INFO  o.e.m.c.i.embedder.EclipseLogger - skip non existing resourceDirectory C:\Users\Brendan\Documents\Transitime\core\transitimeApi\src\test\resources
2016-06-07 11:01:35,197 [Worker-0] WARN  o.e.m.c.i.embedder.EclipseLogger - Using platform encoding (Cp1252 actually) to copy filtered resources, i.e. build is platform dependent!
2016-06-07 11:01:35,198 [Worker-0] INFO  o.e.m.c.i.embedder.EclipseLogger - skip non existing resourceDirectory C:\Users\Brendan\Documents\Transitime\core\transitimeQuickStart\src\main\resources
2016-06-07 11:01:35,200 [Worker-0] WARN  o.e.m.c.i.embedder.EclipseLogger - Using platform encoding (Cp1252 actually) to copy filtered resources, i.e. build is platform dependent!
2016-06-07 11:01:35,201 [Worker-0] INFO  o.e.m.c.i.embedder.EclipseLogger - skip non existing resourceDirectory C:\Users\Brendan\Documents\Transitime\core\transitimeQuickStart\src\test\resources
2016-06-07 11:01:36,075 [Worker-0] INFO  o.e.m.c.i.embedder.EclipseLogger - Using 'UTF-8' encoding to copy filtered resources.
2016-06-07 11:01:36,076 [Worker-0] INFO  o.e.m.c.i.embedder.EclipseLogger - Copying 3 resources
2016-06-07 11:01:36,105 [Worker-0] INFO  o.e.m.c.i.embedder.EclipseLogger - Using 'UTF-8' encoding to copy filtered resources.
2016-06-07 11:01:36,105 [Worker-0] INFO  o.e.m.c.i.embedder.EclipseLogger - skip non existing resourceDirectory C:\Users\Brendan\Documents\Transitime\core\transitimeWebapp\src\test\resources
2016-06-07 11:37:51,918 [Worker-24] WARN  o.e.m.c.i.embedder.EclipseLogger - Using platform encoding (Cp1252 actually) to copy filtered resources, i.e. build is platform dependent!
2016-06-07 11:37:51,936 [Worker-24] INFO  o.e.m.c.i.embedder.EclipseLogger - skip non existing resourceDirectory C:\Users\Brendan\Documents\Transitime\core\transitimeQuickStart\src\main\resources
2016-06-07 11:37:51,938 [Worker-24] WARN  o.e.m.c.i.embedder.EclipseLogger - Using platform encoding (Cp1252 actually) to copy filtered resources, i.e. build is platform dependent!
2016-06-07 11:37:51,939 [Worker-24] INFO  o.e.m.c.i.embedder.EclipseLogger - skip non existing resourceDirectory C:\Users\Brendan\Documents\Transitime\core\transitimeQuickStart\src\test\resources
